2024-09-23 13:51:01.682 [Thread-0] ERROR net.ftp.handler.RmdCommandHandler - IOE
java.nio.file.NoSuchFileException: fd
	at java.base/sun.nio.fs.UnixException.translateToIOException(UnixException.java:92)
	at java.base/sun.nio.fs.UnixException.rethrowAsIOException(UnixException.java:106)
	at java.base/sun.nio.fs.UnixException.rethrowAsIOException(UnixException.java:111)
	at java.base/sun.nio.fs.UnixFileAttributeViews$Basic.readAttributes(UnixFileAttributeViews.java:56)
	at java.base/sun.nio.fs.UnixFileSystemProvider.readAttributes(UnixFileSystemProvider.java:171)
	at java.base/sun.nio.fs.LinuxFileSystemProvider.readAttributes(LinuxFileSystemProvider.java:99)
	at java.base/java.nio.file.Files.readAttributes(Files.java:1858)
	at java.base/java.nio.file.FileTreeWalker.getAttributes(FileTreeWalker.java:220)
	at java.base/java.nio.file.FileTreeWalker.visit(FileTreeWalker.java:277)
	at java.base/java.nio.file.FileTreeWalker.walk(FileTreeWalker.java:323)
	at java.base/java.nio.file.FileTreeIterator.<init>(FileTreeIterator.java:71)
	at java.base/java.nio.file.Files.walk(Files.java:3903)
	at java.base/java.nio.file.Files.walk(Files.java:3958)
	at net.ftp.handler.RmdCommandHandler.handle(RmdCommandHandler.java:22)
	at net.ftp.CommandHandler.handleCommand(CommandHandler.java:16)
	at net.ftp.ClientConnection.run(ClientConnection.java:25)
	at java.base/java.lang.Thread.run(Thread.java:1570)
2024-09-23 15:35:38.615 [Test worker] ERROR net.ftp.handler.RmdCommandHandler - IOE at RMD
java.nio.file.NoSuchFileException: non_existing_dir
	at java.base/sun.nio.fs.UnixException.translateToIOException(UnixException.java:92)
	at java.base/sun.nio.fs.UnixException.rethrowAsIOException(UnixException.java:106)
	at java.base/sun.nio.fs.UnixException.rethrowAsIOException(UnixException.java:111)
	at java.base/sun.nio.fs.UnixFileAttributeViews$Basic.readAttributes(UnixFileAttributeViews.java:56)
	at java.base/sun.nio.fs.UnixFileSystemProvider.readAttributes(UnixFileSystemProvider.java:171)
	at java.base/sun.nio.fs.LinuxFileSystemProvider.readAttributes(LinuxFileSystemProvider.java:99)
	at java.base/java.nio.file.Files.readAttributes(Files.java:1858)
	at java.base/java.nio.file.FileTreeWalker.getAttributes(FileTreeWalker.java:220)
	at java.base/java.nio.file.FileTreeWalker.visit(FileTreeWalker.java:277)
	at java.base/java.nio.file.FileTreeWalker.walk(FileTreeWalker.java:323)
	at java.base/java.nio.file.FileTreeIterator.<init>(FileTreeIterator.java:71)
	at java.base/java.nio.file.Files.walk(Files.java:3903)
	at java.base/java.nio.file.Files.walk(Files.java:3958)
	at net.ftp.handler.RmdCommandHandler.handle(RmdCommandHandler.java:21)
	at net.ftp.handler.RmdCommandHandlerTest.testDirectoryNotFound(RmdCommandHandlerTest.java:36)
	at java.base/jdk.internal.reflect.DirectMethodHandleAccessor.invoke(DirectMethodHandleAccessor.java:103)
	at java.base/java.lang.reflect.Method.invoke(Method.java:580)
	at org.junit.platform.commons.util.ReflectionUtils.invokeMethod(ReflectionUtils.java:728)
	at org.junit.jupiter.engine.execution.MethodInvocation.proceed(MethodInvocation.java:60)
	at org.junit.jupiter.engine.execution.InvocationInterceptorChain$ValidatingInvocation.proceed(InvocationInterceptorChain.java:131)
	at org.junit.jupiter.engine.extension.TimeoutExtension.intercept(TimeoutExtension.java:156)
	at org.junit.jupiter.engine.extension.TimeoutExtension.interceptTestableMethod(TimeoutExtension.java:147)
	at org.junit.jupiter.engine.extension.TimeoutExtension.interceptTestMethod(TimeoutExtension.java:86)
	at org.junit.jupiter.engine.execution.InterceptingExecutableInvoker$ReflectiveInterceptorCall.lambda$ofVoidMethod$0(InterceptingExecutableInvoker.java:103)
	at org.junit.jupiter.engine.execution.InterceptingExecutableInvoker.lambda$invoke$0(InterceptingExecutableInvoker.java:93)
	at org.junit.jupiter.engine.execution.InvocationInterceptorChain$InterceptedInvocation.proceed(InvocationInterceptorChain.java:106)
	at org.junit.jupiter.engine.execution.InvocationInterceptorChain.proceed(InvocationInterceptorChain.java:64)
	at org.junit.jupiter.engine.execution.InvocationInterceptorChain.chainAndInvoke(InvocationInterceptorChain.java:45)
	at org.junit.jupiter.engine.execution.InvocationInterceptorChain.invoke(InvocationInterceptorChain.java:37)
	at org.junit.jupiter.engine.execution.InterceptingExecutableInvoker.invoke(InterceptingExecutableInvoker.java:92)
	at org.junit.jupiter.engine.execution.InterceptingExecutableInvoker.invoke(InterceptingExecutableInvoker.java:86)
	at org.junit.jupiter.engine.descriptor.TestMethodTestDescriptor.lambda$invokeTestMethod$7(TestMethodTestDescriptor.java:218)
	at org.junit.platform.engine.support.hierarchical.ThrowableCollector.execute(ThrowableCollector.java:73)
	at org.junit.jupiter.engine.descriptor.TestMethodTestDescriptor.invokeTestMethod(TestMethodTestDescriptor.java:214)
	at org.junit.jupiter.engine.descriptor.TestMethodTestDescriptor.execute(TestMethodTestDescriptor.java:139)
	at org.junit.jupiter.engine.descriptor.TestMethodTestDescriptor.execute(TestMethodTestDescriptor.java:69)
	at org.junit.platform.engine.support.hierarchical.NodeTestTask.lambda$executeRecursively$6(NodeTestTask.java:151)
	at org.junit.platform.engine.support.hierarchical.ThrowableCollector.execute(ThrowableCollector.java:73)
	at org.junit.platform.engine.support.hierarchical.NodeTestTask.lambda$executeRecursively$8(NodeTestTask.java:141)
	at org.junit.platform.engine.support.hierarchical.Node.around(Node.java:137)
	at org.junit.platform.engine.support.hierarchical.NodeTestTask.lambda$executeRecursively$9(NodeTestTask.java:139)
	at org.junit.platform.engine.support.hierarchical.ThrowableCollector.execute(ThrowableCollector.java:73)
	at org.junit.platform.engine.support.hierarchical.NodeTestTask.executeRecursively(NodeTestTask.java:138)
	at org.junit.platform.engine.support.hierarchical.NodeTestTask.execute(NodeTestTask.java:95)
	at java.base/java.util.ArrayList.forEach(ArrayList.java:1597)
	at org.junit.platform.engine.support.hierarchical.SameThreadHierarchicalTestExecutorService.invokeAll(SameThreadHierarchicalTestExecutorService.java:41)
	at org.junit.platform.engine.support.hierarchical.NodeTestTask.lambda$executeRecursively$6(NodeTestTask.java:155)
	at org.junit.platform.engine.support.hierarchical.ThrowableCollector.execute(ThrowableCollector.java:73)
	at org.junit.platform.engine.support.hierarchical.NodeTestTask.lambda$executeRecursively$8(NodeTestTask.java:141)
	at org.junit.platform.engine.support.hierarchical.Node.around(Node.java:137)
	at org.junit.platform.engine.support.hierarchical.NodeTestTask.lambda$executeRecursively$9(NodeTestTask.java:139)
	at org.junit.platform.engine.support.hierarchical.ThrowableCollector.execute(ThrowableCollector.java:73)
	at org.junit.platform.engine.support.hierarchical.NodeTestTask.executeRecursively(NodeTestTask.java:138)
	at org.junit.platform.engine.support.hierarchical.NodeTestTask.execute(NodeTestTask.java:95)
	at java.base/java.util.ArrayList.forEach(ArrayList.java:1597)
	at org.junit.platform.engine.support.hierarchical.SameThreadHierarchicalTestExecutorService.invokeAll(SameThreadHierarchicalTestExecutorService.java:41)
	at org.junit.platform.engine.support.hierarchical.NodeTestTask.lambda$executeRecursively$6(NodeTestTask.java:155)
	at org.junit.platform.engine.support.hierarchical.ThrowableCollector.execute(ThrowableCollector.java:73)
	at org.junit.platform.engine.support.hierarchical.NodeTestTask.lambda$executeRecursively$8(NodeTestTask.java:141)
	at org.junit.platform.engine.support.hierarchical.Node.around(Node.java:137)
	at org.junit.platform.engine.support.hierarchical.NodeTestTask.lambda$executeRecursively$9(NodeTestTask.java:139)
	at org.junit.platform.engine.support.hierarchical.ThrowableCollector.execute(ThrowableCollector.java:73)
	at org.junit.platform.engine.support.hierarchical.NodeTestTask.executeRecursively(NodeTestTask.java:138)
	at org.junit.platform.engine.support.hierarchical.NodeTestTask.execute(NodeTestTask.java:95)
	at org.junit.platform.engine.support.hierarchical.SameThreadHierarchicalTestExecutorService.submit(SameThreadHierarchicalTestExecutorService.java:35)
	at org.junit.platform.engine.support.hierarchical.HierarchicalTestExecutor.execute(HierarchicalTestExecutor.java:57)
	at org.junit.platform.engine.support.hierarchical.HierarchicalTestEngine.execute(HierarchicalTestEngine.java:54)
	at org.junit.platform.launcher.core.EngineExecutionOrchestrator.execute(EngineExecutionOrchestrator.java:107)
	at org.junit.platform.launcher.core.EngineExecutionOrchestrator.execute(EngineExecutionOrchestrator.java:88)
	at org.junit.platform.launcher.core.EngineExecutionOrchestrator.lambda$execute$0(EngineExecutionOrchestrator.java:54)
	at org.junit.platform.launcher.core.EngineExecutionOrchestrator.withInterceptedStreams(EngineExecutionOrchestrator.java:67)
	at org.junit.platform.launcher.core.EngineExecutionOrchestrator.execute(EngineExecutionOrchestrator.java:52)
	at org.junit.platform.launcher.core.DefaultLauncher.execute(DefaultLauncher.java:114)
	at org.junit.platform.launcher.core.DefaultLauncher.execute(DefaultLauncher.java:86)
	at org.junit.platform.launcher.core.DefaultLauncherSession$DelegatingLauncher.execute(DefaultLauncherSession.java:86)
	at org.gradle.api.internal.tasks.testing.junitplatform.JUnitPlatformTestClassProcessor$CollectAllTestClassesExecutor.processAllTestClasses(JUnitPlatformTestClassProcessor.java:119)
	at org.gradle.api.internal.tasks.testing.junitplatform.JUnitPlatformTestClassProcessor$CollectAllTestClassesExecutor.access$000(JUnitPlatformTestClassProcessor.java:94)
	at org.gradle.api.internal.tasks.testing.junitplatform.JUnitPlatformTestClassProcessor.stop(JUnitPlatformTestClassProcessor.java:89)
	at org.gradle.api.internal.tasks.testing.SuiteTestClassProcessor.stop(SuiteTestClassProcessor.java:62)
	at java.base/jdk.internal.reflect.DirectMethodHandleAccessor.invoke(DirectMethodHandleAccessor.java:103)
	at java.base/java.lang.reflect.Method.invoke(Method.java:580)
	at org.gradle.internal.dispatch.ReflectionDispatch.dispatch(ReflectionDispatch.java:36)
	at org.gradle.internal.dispatch.ReflectionDispatch.dispatch(ReflectionDispatch.java:24)
	at org.gradle.internal.dispatch.ContextClassLoaderDispatch.dispatch(ContextClassLoaderDispatch.java:33)
	at org.gradle.internal.dispatch.ProxyDispatchAdapter$DispatchingInvocationHandler.invoke(ProxyDispatchAdapter.java:94)
	at jdk.proxy1/jdk.proxy1.$Proxy2.stop(Unknown Source)
	at org.gradle.api.internal.tasks.testing.worker.TestWorker$3.run(TestWorker.java:193)
	at org.gradle.api.internal.tasks.testing.worker.TestWorker.executeAndMaintainThreadName(TestWorker.java:129)
	at org.gradle.api.internal.tasks.testing.worker.TestWorker.execute(TestWorker.java:100)
	at org.gradle.api.internal.tasks.testing.worker.TestWorker.execute(TestWorker.java:60)
	at org.gradle.process.internal.worker.child.ActionExecutionWorker.execute(ActionExecutionWorker.java:56)
	at org.gradle.process.internal.worker.child.SystemApplicationClassLoaderWorker.call(SystemApplicationClassLoaderWorker.java:119)
	at org.gradle.process.internal.worker.child.SystemApplicationClassLoaderWorker.call(SystemApplicationClassLoaderWorker.java:66)
	at worker.org.gradle.process.internal.worker.GradleWorkerMain.run(GradleWorkerMain.java:69)
	at worker.org.gradle.process.internal.worker.GradleWorkerMain.main(GradleWorkerMain.java:74)
2024-09-23 14:05:06.020 [main] INFO  net.ftp.FtpServer - Server is running on port 2121
2024-09-23 14:05:24.393 [main] INFO  net.ftp.FtpServer - Client connected
2024-09-23 14:06:13.559 [main] INFO  net.ftp.FtpServer - Server is running on port 2121
2024-09-23 14:06:43.755 [main] INFO  net.ftp.FtpServer - Server is running on port 2121
2024-09-23 14:06:58.798 [main] INFO  net.ftp.FtpServer - Client connected
2024-09-23 14:10:46.699 [main] INFO  net.ftp.FtpServer - Server is running on port 2121
2024-09-23 14:11:15.976 [main] INFO  net.ftp.FtpServer - Client connected
2024-09-23 14:15:07.047 [main] ERROR net.ftp.FtpServer - IOE at main:
java.net.BindException: Address already in use
	at java.base/sun.nio.ch.Net.bind0(Native Method)
	at java.base/sun.nio.ch.Net.bind(Net.java:565)
	at java.base/sun.nio.ch.Net.bind(Net.java:554)
	at java.base/sun.nio.ch.NioSocketImpl.bind(NioSocketImpl.java:636)
	at java.base/java.net.ServerSocket.bind(ServerSocket.java:390)
	at java.base/java.net.ServerSocket.<init>(ServerSocket.java:277)
	at java.base/java.net.ServerSocket.<init>(ServerSocket.java:170)
	at net.ftp.FtpServer.main(FtpServer.java:13)
2024-09-23 14:15:11.818 [main] ERROR net.ftp.FtpServer - IOE at main:
java.net.BindException: Address already in use
	at java.base/sun.nio.ch.Net.bind0(Native Method)
	at java.base/sun.nio.ch.Net.bind(Net.java:565)
	at java.base/sun.nio.ch.Net.bind(Net.java:554)
	at java.base/sun.nio.ch.NioSocketImpl.bind(NioSocketImpl.java:636)
	at java.base/java.net.ServerSocket.bind(ServerSocket.java:390)
	at java.base/java.net.ServerSocket.<init>(ServerSocket.java:277)
	at java.base/java.net.ServerSocket.<init>(ServerSocket.java:170)
	at net.ftp.FtpServer.main(FtpServer.java:13)
2024-09-23 14:15:24.275 [main] INFO  net.ftp.FtpServer - Server is running on port 2121
2024-09-23 14:15:27.823 [main] INFO  net.ftp.FtpServer - Server is running on port 2121
2024-09-23 14:15:44.016 [main] INFO  net.ftp.FtpServer - Client connected
2024-09-23 14:23:06.566 [main] INFO  net.ftp.FtpServer - Client connected
2024-09-23 14:48:58.653 [main] INFO  net.ftp.FtpServer - Server is running on port 2121
2024-09-23 14:49:05.670 [main] INFO  net.ftp.FtpServer - Client connected
2024-09-23 14:50:52.413 [main] INFO  net.ftp.FtpServer - Server is running on port 2121
2024-09-23 14:50:56.470 [main] INFO  net.ftp.FtpServer - Client connected
2024-09-23 14:55:21.958 [main] INFO  net.ftp.FtpServer - Client connected
2024-09-23 14:57:17.554 [main] INFO  net.ftp.FtpServer - Server is running on port 2121
2024-09-23 14:57:25.265 [main] INFO  net.ftp.FtpServer - Client connected
2024-09-23 15:20:42.803 [main] INFO  net.ftp.FtpServer - Server is running on port 2121
2024-09-23 15:20:49.231 [main] INFO  net.ftp.FtpServer - Client connected
2024-09-23 15:20:53.647 [main] INFO  net.ftp.FtpServer - Client connected
2024-09-23 15:21:03.678 [main] INFO  net.ftp.FtpServer - Client connected
2024-09-23 15:21:07.055 [main] INFO  net.ftp.FtpServer - Client connected
2024-09-23 15:21:09.335 [main] INFO  net.ftp.FtpServer - Client connected
2024-09-23 15:21:10.711 [main] INFO  net.ftp.FtpServer - Client connected
2024-09-23 15:21:12.430 [main] INFO  net.ftp.FtpServer - Client connected
2024-09-23 15:22:29.774 [main] INFO  net.ftp.FtpServer - Client connected
2024-09-23 15:35:28.103 [main] INFO  net.ftp.FtpServer - Server is running on port 2121
2024-09-23 15:35:33.718 [main] INFO  net.ftp.FtpServer - Client connected
2024-09-23 15:36:40.189 [main] INFO  net.ftp.FtpServer - Client connected
2024-09-23 15:37:52.013 [main] INFO  net.ftp.FtpServer - Client connected
2024-09-23 15:38:04.837 [main] INFO  net.ftp.FtpServer - Client connected
2024-09-23 15:54:24.801 [main] INFO  net.ftp.FtpServer - Server is running on port 2121
2024-09-23 15:54:30.155 [main] INFO  net.ftp.FtpServer - Client connected
2024-09-23 16:00:30.044 [main] INFO  net.ftp.FtpServer - Server is running on port 2121
2024-09-23 16:00:34.760 [main] INFO  net.ftp.FtpServer - Client connected
2024-09-23 16:02:44.715 [main] INFO  net.ftp.FtpServer - Server is running on port 2121
2024-09-23 16:02:47.080 [main] INFO  net.ftp.FtpServer - Client connected
2024-09-23 16:03:18.092 [Thread-0] ERROR net.ftp.CommandParser - Invalid or unsupported command: LIST'
2024-09-23 16:03:24.944 [main] INFO  net.ftp.FtpServer - Client connected
2024-09-23 16:07:44.670 [main] INFO  net.ftp.FtpServer - Server is running on port 2121
2024-09-23 16:07:51.439 [main] INFO  net.ftp.FtpServer - Client connected
2024-09-23 16:07:56.202 [Thread-0] ERROR net.ftp.CommandParser - Invalid or unsupported command: LIST1
2024-09-23 16:07:58.466 [Thread-0] ERROR net.ftp.CommandParser - Invalid or unsupported command: [A
2024-09-23 16:08:04.176 [Thread-0] ERROR net.ftp.CommandParser - Invalid or unsupported command: LIST'
2024-09-23 16:09:01.255 [main] INFO  net.ftp.FtpServer - Client connected
2024-09-23 16:09:06.742 [main] INFO  net.ftp.FtpServer - Server is running on port 2121
2024-09-23 16:09:08.824 [main] INFO  net.ftp.FtpServer - Client connected
2024-09-23 16:10:30.407 [main] INFO  net.ftp.FtpServer - Client connected
2024-09-23 16:10:51.628 [main] INFO  net.ftp.FtpServer - Server is running on port 2121
2024-09-23 16:10:53.711 [main] INFO  net.ftp.FtpServer - Client connected
2024-09-23 16:14:19.419 [main] INFO  net.ftp.FtpServer - Server is running on port 2121
2024-09-23 16:14:23.774 [main] INFO  net.ftp.FtpServer - Client connected
2024-09-23 16:14:58.062 [main] INFO  net.ftp.FtpServer - Client connected
2024-09-23 16:15:20.949 [main] INFO  net.ftp.FtpServer - Server is running on port 2121
2024-09-23 16:15:30.798 [main] INFO  net.ftp.FtpServer - Client connected
2024-09-23 16:16:23.326 [main] INFO  net.ftp.FtpServer - Client connected
2024-09-23 16:28:26.040 [main] INFO  net.ftp.FtpServer - Server is running on port 2121
2024-09-23 16:28:34.811 [main] INFO  net.ftp.FtpServer - Client connected
2024-09-23 16:48:49.201 [Test worker] ERROR net.ftp.CommandParser - Invalid size format: abc
2024-09-23 16:48:49.203 [Test worker] ERROR net.ftp.CommandParser - Invalid or unsupported command: INVALID
2024-09-23 16:48:49.210 [Test worker] ERROR net.ftp.CommandParser - Command line cannot be null or empty
2024-09-23 16:48:49.211 [Test worker] ERROR net.ftp.CommandParser - Command line cannot be null or empty
