2024-09-20 11:50:21.277 [main] INFO  net.peer.ServerMain - Server is listening on port 5555...
2024-09-20 11:50:59.167 [main] INFO  net.peer.ServerMain - Client connected!
2024-09-20 11:50:59.168 [main] INFO  net.peer.ClientMain1 - Connected to server!
2024-09-20 11:52:39.818 [main] INFO  net.peer.ServerMain - Server is listening on port 5555...
2024-09-20 11:53:01.653 [main] INFO  net.peer.ServerMain - Client connected!
2024-09-20 11:53:01.656 [main] INFO  net.peer.ClientMain1 - Connected to server!
2024-09-20 12:01:52.177 [main] INFO  net.peer.ServerMain - Server is listening on port 5555...
2024-09-20 12:02:13.121 [Thread-0] INFO  net.peer.ClientMain1 - Client is shutting down...
2024-09-20 12:02:29.516 [main] INFO  net.peer.ServerMain - Client connected!
2024-09-20 12:02:29.519 [main] INFO  net.peer.ClientMain1 - Connected to server!
2024-09-20 12:03:14.188 [Thread-0] INFO  net.peer.ClientMain1 - Client is shutting down...
2024-09-20 12:03:18.961 [Thread-0] INFO  net.peer.ServerMain - Server is shutting down...
2024-09-20 12:08:50.460 [main] INFO  net.peer.ServerMain - Server is listening on port 5555...
2024-09-20 12:09:02.303 [main] INFO  net.peer.ServerMain - Client connected!
2024-09-20 12:09:02.304 [main] INFO  net.peer.ClientMain1 - Connected to server!
2024-09-20 12:09:48.705 [main] INFO  net.peer.ClientMain1 - Client has stopped.
2024-09-20 12:09:48.705 [Thread-0] INFO  net.peer.ClientMain1 - Client is shutting down...
2024-09-20 12:09:50.895 [Thread-0] INFO  net.peer.ServerMain - Server is shutting down...
2024-09-20 12:50:16.862 [main] INFO  net.peer.ServerMain - Server is listening on port 5555...
2024-09-20 12:50:30.686 [main] INFO  net.peer.ServerMain - Client connected!
2024-09-20 12:50:30.687 [main] INFO  net.peer.ClientMain1 - Connected to server!
2024-09-20 12:50:42.677 [main] INFO  net.peer.ClientMain1 - Client has stopped.
2024-09-20 12:50:42.677 [Thread-0] INFO  net.peer.ClientMain1 - Client is shutting down...
2024-09-20 12:50:59.590 [main] INFO  net.peer.ServerMain - Client connected!
2024-09-20 12:50:59.591 [main] INFO  net.peer.ClientMain1 - Connected to server!
2024-09-20 12:51:07.504 [Thread-0] INFO  net.peer.ServerMain - Server is shutting down...
2024-09-20 12:51:08.418 [main] INFO  net.peer.ServerMain - Server is listening on port 5555...
2024-09-20 12:51:11.616 [main] INFO  net.peer.ClientMain1 - Client has stopped.
2024-09-20 12:51:11.616 [Thread-0] INFO  net.peer.ClientMain1 - Client is shutting down...
2024-09-20 12:51:24.831 [main] INFO  net.peer.ServerMain - Client connected!
2024-09-20 12:51:24.832 [main] INFO  net.peer.ClientMain1 - Connected to server!
2024-09-20 12:57:54.658 [Thread-0] INFO  net.peer.ServerMain - Server is shutting down...
2024-09-20 12:57:58.240 [main] INFO  net.peer.ClientMain1 - Client has stopped.
2024-09-20 12:57:58.240 [Thread-0] INFO  net.peer.ClientMain1 - Client is shutting down...
2024-09-20 17:57:45.530 [main] INFO  net.peer.ServerMain - Server is listening on port 5555...
2024-09-20 17:57:50.116 [main] INFO  net.peer.ServerMain - Client connected!
2024-09-20 17:57:50.116 [main] INFO  net.peer.ClientMain1 - Connected to server!
2024-09-20 18:06:18.128 [Thread-0] INFO  net.peer.ServerMain - Server is shutting down...
2024-09-20 18:06:25.701 [main] INFO  net.peer.ClientMain1 - Client has stopped.
2024-09-20 18:06:25.701 [Thread-0] INFO  net.peer.ClientMain1 - Client is shutting down...
