2024-09-16 15:07:22.028 [main] INFO  net.sock.SimpleEchoServer - Server started on port 12345
2024-09-16 15:07:22.032 [main] INFO  net.sock.SimpleEchoServer - Waiting for clients...
2024-09-16 15:07:36.794 [main] INFO  net.sock.SimpleEchoServer - Client connected: /127.0.0.1:51896
2024-09-16 15:07:36.795 [main] INFO  net.sock.SimpleEchoClient - Connected to server at localhost:12345
2024-09-16 15:07:43.464 [main] INFO  net.sock.SimpleEchoClient - Sending: f
2024-09-16 15:07:43.467 [main] INFO  net.sock.SimpleEchoServer - Received: f
2024-09-16 15:07:43.468 [main] INFO  net.sock.SimpleEchoServer - Sending: Echo: f
2024-09-16 15:07:43.469 [main] INFO  net.sock.SimpleEchoClient - Received: Echo: f
2024-09-16 15:10:56.943 [main] INFO  net.sock.SimpleEchoClient - Sending: null
2024-09-16 15:10:56.943 [main] INFO  net.sock.SimpleEchoClient - Sending: null
2024-09-16 15:10:56.944 [main] INFO  net.sock.SimpleEchoClient - Sending: null
2024-09-16 15:10:56.944 [main] INFO  net.sock.SimpleEchoClient - Sending: null
2024-09-16 15:10:56.944 [main] INFO  net.sock.SimpleEchoClient - Sending: null
2024-09-16 15:10:56.944 [main] INFO  net.sock.SimpleEchoClient - Sending: null
2024-09-16 15:10:56.945 [main] INFO  net.sock.SimpleEchoClient - Sending: null
2024-09-16 15:10:56.945 [main] INFO  net.sock.SimpleEchoClient - Sending: null
2024-09-16 15:10:56.945 [main] INFO  net.sock.SimpleEchoClient - Sending: null
2024-09-16 15:10:56.945 [main] INFO  net.sock.SimpleEchoClient - Sending: null
2024-09-16 15:10:56.945 [main] INFO  net.sock.SimpleEchoClient - Sending: null
2024-09-16 15:10:56.945 [main] INFO  net.sock.SimpleEchoClient - Sending: null
2024-09-16 15:10:56.946 [main] INFO  net.sock.SimpleEchoClient - Sending: null
2024-09-16 15:10:56.946 [main] INFO  net.sock.SimpleEchoClient - Sending: null
2024-09-16 15:10:56.946 [main] INFO  net.sock.SimpleEchoClient - Sending: null
2024-09-16 15:10:56.946 [main] INFO  net.sock.SimpleEchoClient - Sending: null
2024-09-16 15:10:56.946 [main] INFO  net.sock.SimpleEchoClient - Sending: null
2024-09-16 15:10:56.947 [main] INFO  net.sock.SimpleEchoClient - Sending: null
2024-09-16 15:10:56.947 [main] INFO  net.sock.SimpleEchoClient - Sending: null
2024-09-16 15:10:57.511 [main] ERROR net.sock.SimpleEchoClient - Error in client communication: Connection refused
java.net.ConnectException: Connection refused
	at java.base/sun.nio.ch.Net.connect0(Native Method)
	at java.base/sun.nio.ch.Net.connect(Net.java:589)
	at java.base/sun.nio.ch.Net.connect(Net.java:578)
	at java.base/sun.nio.ch.NioSocketImpl.connect(NioSocketImpl.java:583)
	at java.base/java.net.SocksSocketImpl.connect(SocksSocketImpl.java:327)
	at java.base/java.net.Socket.connect(Socket.java:752)
	at java.base/java.net.Socket.connect(Socket.java:687)
	at java.base/java.net.Socket.<init>(Socket.java:556)
	at java.base/java.net.Socket.<init>(Socket.java:325)
	at net.sock.SimpleEchoClient.main(SimpleEchoClient.java:14)
2024-09-16 15:11:02.208 [main] INFO  net.sock.SimpleEchoServer - Server started on port 12345
2024-09-16 15:11:02.210 [main] INFO  net.sock.SimpleEchoServer - Waiting for clients...
2024-09-16 15:11:04.224 [main] INFO  net.sock.SimpleEchoServer - Client connected: /127.0.0.1:57904
2024-09-16 15:11:04.224 [main] INFO  net.sock.SimpleEchoClient - Connected to server at localhost:12345
2024-09-16 15:11:12.908 [main] INFO  net.sock.SimpleEchoClient - Sending: h
2024-09-16 15:11:12.911 [main] INFO  net.sock.SimpleEchoServer - Received: h
2024-09-16 15:11:15.913 [main] INFO  net.sock.SimpleEchoServer - Sending: Echo: h
2024-09-16 15:11:15.915 [main] INFO  net.sock.SimpleEchoClient - Received: Echo: h
2024-09-16 15:11:15.917 [main] INFO  net.sock.SimpleEchoClient - Sending: j
2024-09-16 15:11:15.918 [main] INFO  net.sock.SimpleEchoServer - Received: j
2024-09-16 15:11:18.919 [main] INFO  net.sock.SimpleEchoServer - Sending: Echo: j
2024-09-16 15:11:18.920 [main] INFO  net.sock.SimpleEchoClient - Received: Echo: j
2024-09-16 15:15:49.245 [main] INFO  net.sock.SimpleEchoClient - Sending: null
2024-09-16 15:15:49.247 [main] INFO  net.sock.SimpleEchoServer - Received: null
2024-09-16 15:15:55.852 [main] ERROR net.sock.SimpleEchoClient - Error in client communication: Connection refused
java.net.ConnectException: Connection refused
	at java.base/sun.nio.ch.Net.connect0(Native Method)
	at java.base/sun.nio.ch.Net.connect(Net.java:589)
	at java.base/sun.nio.ch.Net.connect(Net.java:578)
	at java.base/sun.nio.ch.NioSocketImpl.connect(NioSocketImpl.java:583)
	at java.base/java.net.SocksSocketImpl.connect(SocksSocketImpl.java:327)
	at java.base/java.net.Socket.connect(Socket.java:752)
	at java.base/java.net.Socket.connect(Socket.java:687)
	at java.base/java.net.Socket.<init>(Socket.java:556)
	at java.base/java.net.Socket.<init>(Socket.java:325)
	at net.sock.SimpleEchoClient.main(SimpleEchoClient.java:14)
2024-09-16 15:15:59.143 [main] INFO  net.sock.SimpleEchoServer - Server started on port 12345
2024-09-16 15:15:59.145 [main] INFO  net.sock.SimpleEchoServer - Waiting for clients...
2024-09-16 15:16:02.100 [main] INFO  net.sock.SimpleEchoServer - Client connected: /127.0.0.1:53422
2024-09-16 15:16:02.100 [main] INFO  net.sock.SimpleEchoClient - Connected to server at localhost:12345
2024-09-16 15:16:08.779 [main] INFO  net.sock.SimpleEchoClient - Sending: 1
2024-09-16 15:16:08.781 [main] INFO  net.sock.SimpleEchoServer - Received: 1
2024-09-16 15:16:11.782 [main] INFO  net.sock.SimpleEchoServer - Sending: Echo: 1
2024-09-16 15:16:11.785 [Thread-0] INFO  net.sock.SimpleEchoClient - Received: Echo: 1
2024-09-16 15:16:11.786 [Thread-0] INFO  net.sock.SimpleEchoClient - Server response: Echo: 1
2024-09-16 15:16:13.780 [main] INFO  net.sock.SimpleEchoClient - Sending: 1
2024-09-16 15:16:13.781 [main] INFO  net.sock.SimpleEchoServer - Received: 1
2024-09-16 15:16:15.780 [main] INFO  net.sock.SimpleEchoClient - Sending: dsf
2024-09-16 15:16:16.782 [main] INFO  net.sock.SimpleEchoServer - Sending: Echo: 1
2024-09-16 15:16:16.782 [main] INFO  net.sock.SimpleEchoServer - Received: dsf
2024-09-16 15:16:16.787 [Thread-0] INFO  net.sock.SimpleEchoClient - Received: Echo: 1
2024-09-16 15:16:16.787 [Thread-0] INFO  net.sock.SimpleEchoClient - Server response: Echo: 1
2024-09-16 15:16:17.781 [main] INFO  net.sock.SimpleEchoClient - Sending: fdsf
2024-09-16 15:16:19.783 [main] INFO  net.sock.SimpleEchoServer - Sending: Echo: dsf
2024-09-16 15:16:19.784 [main] INFO  net.sock.SimpleEchoServer - Received: fdsf
2024-09-16 15:16:21.788 [Thread-0] INFO  net.sock.SimpleEchoClient - Received: Echo: dsf
2024-09-16 15:16:21.788 [Thread-0] INFO  net.sock.SimpleEchoClient - Server response: Echo: dsf
2024-09-16 15:16:22.784 [main] INFO  net.sock.SimpleEchoServer - Sending: Echo: fdsf
2024-09-16 15:16:26.789 [Thread-0] INFO  net.sock.SimpleEchoClient - Received: Echo: fdsf
2024-09-16 15:16:26.789 [Thread-0] INFO  net.sock.SimpleEchoClient - Server response: Echo: fdsf
2024-09-16 15:16:58.777 [main] INFO  net.sock.SimpleEchoClient - Sending: null
2024-09-16 15:16:58.777 [main] INFO  net.sock.SimpleEchoClient - Sending: null
2024-09-16 15:16:58.777 [main] INFO  net.sock.SimpleEchoServer - Received: null
2024-09-16 15:16:58.778 [main] INFO  net.sock.SimpleEchoClient - Sending: null
2024-09-16 15:16:58.779 [main] INFO  net.sock.SimpleEchoClient - Sending: null
2024-09-16 15:16:58.779 [main] INFO  net.sock.SimpleEchoClient - Sending: null
2024-09-16 15:16:58.780 [main] INFO  net.sock.SimpleEchoClient - Sending: null
2024-09-16 15:16:58.780 [main] INFO  net.sock.SimpleEchoClient - Sending: null
2024-09-16 15:16:58.780 [main] INFO  net.sock.SimpleEchoClient - Sending: null
2024-09-16 15:16:58.781 [main] INFO  net.sock.SimpleEchoClient - Sending: null
2024-09-16 15:16:58.781 [main] INFO  net.sock.SimpleEchoClient - Sending: null
2024-09-16 15:16:58.782 [main] INFO  net.sock.SimpleEchoClient - Sending: null
2024-09-16 15:16:58.782 [main] INFO  net.sock.SimpleEchoClient - Sending: null
2024-09-16 15:16:58.782 [main] INFO  net.sock.SimpleEchoClient - Sending: null
2024-09-16 15:16:58.783 [main] INFO  net.sock.SimpleEchoClient - Sending: null
2024-09-16 15:16:58.783 [main] INFO  net.sock.SimpleEchoClient - Sending: null
2024-09-16 15:16:58.784 [main] INFO  net.sock.SimpleEchoClient - Sending: null
2024-09-16 15:16:58.784 [main] INFO  net.sock.SimpleEchoClient - Sending: null
2024-09-16 15:16:58.784 [main] INFO  net.sock.SimpleEchoClient - Sending: null
2024-09-16 15:16:58.785 [main] INFO  net.sock.SimpleEchoClient - Sending: null
2024-09-16 15:16:58.785 [main] INFO  net.sock.SimpleEchoClient - Sending: null
2024-09-16 15:16:58.785 [main] INFO  net.sock.SimpleEchoClient - Sending: null
2024-09-16 15:16:58.785 [main] INFO  net.sock.SimpleEchoClient - Sending: null
2024-09-16 15:16:58.785 [main] INFO  net.sock.SimpleEchoClient - Sending: null
2024-09-16 15:17:28.615 [main] ERROR net.sock.SimpleEchoClient - Error in client communication: Connection refused
java.net.ConnectException: Connection refused
	at java.base/sun.nio.ch.Net.connect0(Native Method)
	at java.base/sun.nio.ch.Net.connect(Net.java:589)
	at java.base/sun.nio.ch.Net.connect(Net.java:578)
	at java.base/sun.nio.ch.NioSocketImpl.connect(NioSocketImpl.java:583)
	at java.base/java.net.SocksSocketImpl.connect(SocksSocketImpl.java:327)
	at java.base/java.net.Socket.connect(Socket.java:752)
	at java.base/java.net.Socket.connect(Socket.java:687)
	at java.base/java.net.Socket.<init>(Socket.java:556)
	at java.base/java.net.Socket.<init>(Socket.java:325)
	at net.sock.SimpleEchoClient.main(SimpleEchoClient.java:14)
2024-09-16 15:17:28.781 [main] INFO  net.sock.SimpleEchoServer - Server started on port 12345
2024-09-16 15:17:28.783 [main] INFO  net.sock.SimpleEchoServer - Waiting for clients...
2024-09-16 15:17:30.673 [main] INFO  net.sock.SimpleEchoServer - Client connected: /127.0.0.1:52660
2024-09-16 15:17:30.673 [main] INFO  net.sock.SimpleEchoClient - Connected to server at localhost:12345
2024-09-16 15:17:37.358 [main] INFO  net.sock.SimpleEchoClient - Sending: gfdg
2024-09-16 15:17:37.360 [main] INFO  net.sock.SimpleEchoServer - Received: gfdg
2024-09-16 15:17:37.361 [main] INFO  net.sock.SimpleEchoServer - Processing message: gfdg
2024-09-16 15:17:39.358 [main] INFO  net.sock.SimpleEchoClient - Sending: gh
2024-09-16 15:17:40.358 [main] INFO  net.sock.SimpleEchoClient - Sending: bg
2024-09-16 15:17:40.362 [main] INFO  net.sock.SimpleEchoServer - Sending: Echo: gfdg
2024-09-16 15:17:40.363 [main] INFO  net.sock.SimpleEchoServer - Received: gh
2024-09-16 15:17:40.364 [main] INFO  net.sock.SimpleEchoServer - Processing message: gh
2024-09-16 15:17:40.364 [Thread-0] INFO  net.sock.SimpleEchoClient - Received: Echo: gfdg
2024-09-16 15:17:40.365 [Thread-0] INFO  net.sock.SimpleEchoClient - Server response: Echo: gfdg
2024-09-16 15:17:42.359 [main] INFO  net.sock.SimpleEchoClient - Sending: bgfc
2024-09-16 15:17:43.364 [main] INFO  net.sock.SimpleEchoServer - Sending: Echo: gh
2024-09-16 15:17:43.365 [main] INFO  net.sock.SimpleEchoServer - Received: bg
2024-09-16 15:17:43.365 [main] INFO  net.sock.SimpleEchoServer - Processing message: bg
2024-09-16 15:17:45.366 [Thread-0] INFO  net.sock.SimpleEchoClient - Received: Echo: gh
2024-09-16 15:17:45.366 [Thread-0] INFO  net.sock.SimpleEchoClient - Server response: Echo: gh
2024-09-16 15:17:46.365 [main] INFO  net.sock.SimpleEchoServer - Sending: Echo: bg
2024-09-16 15:17:46.366 [main] INFO  net.sock.SimpleEchoServer - Received: bgfc
2024-09-16 15:17:46.366 [main] INFO  net.sock.SimpleEchoServer - Processing message: bgfc
2024-09-16 15:17:49.367 [main] INFO  net.sock.SimpleEchoServer - Sending: Echo: bgfc
2024-09-16 15:17:50.367 [Thread-0] INFO  net.sock.SimpleEchoClient - Received: Echo: bg
2024-09-16 15:17:50.367 [Thread-0] INFO  net.sock.SimpleEchoClient - Server response: Echo: bg
2024-09-16 15:17:51.361 [main] INFO  net.sock.SimpleEchoClient - Sending: b
2024-09-16 15:17:51.362 [main] INFO  net.sock.SimpleEchoServer - Received: b
2024-09-16 15:17:51.362 [main] INFO  net.sock.SimpleEchoServer - Processing message: b
2024-09-16 15:17:54.363 [main] INFO  net.sock.SimpleEchoServer - Sending: Echo: b
2024-09-16 15:17:55.368 [Thread-0] INFO  net.sock.SimpleEchoClient - Received: Echo: bgfc
2024-09-16 15:17:55.368 [Thread-0] INFO  net.sock.SimpleEchoClient - Server response: Echo: bgfc
2024-09-16 15:18:00.369 [Thread-0] INFO  net.sock.SimpleEchoClient - Received: Echo: b
2024-09-16 15:18:00.369 [Thread-0] INFO  net.sock.SimpleEchoClient - Server response: Echo: b
2024-09-16 15:18:48.378 [Thread-0] ERROR net.sock.SimpleEchoClient - Error receiving message: Socket closed
java.net.SocketException: Socket closed
	at java.base/sun.nio.ch.NioSocketImpl.endRead(NioSocketImpl.java:243)
	at java.base/sun.nio.ch.NioSocketImpl.implRead(NioSocketImpl.java:323)
	at java.base/sun.nio.ch.NioSocketImpl.read(NioSocketImpl.java:346)
	at java.base/sun.nio.ch.NioSocketImpl$1.read(NioSocketImpl.java:796)
	at java.base/java.net.Socket$SocketInputStream.implRead(Socket.java:1108)
	at java.base/java.net.Socket$SocketInputStream.read(Socket.java:1095)
	at java.base/sun.nio.cs.StreamDecoder.readBytes(StreamDecoder.java:350)
	at java.base/sun.nio.cs.StreamDecoder.implRead(StreamDecoder.java:393)
	at java.base/sun.nio.cs.StreamDecoder.lockedRead(StreamDecoder.java:217)
	at java.base/sun.nio.cs.StreamDecoder.read(StreamDecoder.java:171)
	at java.base/java.io.InputStreamReader.read(InputStreamReader.java:186)
	at java.base/java.io.BufferedReader.fill(BufferedReader.java:160)
	at java.base/java.io.BufferedReader.implReadLine(BufferedReader.java:370)
	at java.base/java.io.BufferedReader.readLine(BufferedReader.java:347)
	at java.base/java.io.BufferedReader.readLine(BufferedReader.java:436)
	at net.sock.SimpleEchoClient.receiveMessage(SimpleEchoClient.java:58)
	at net.sock.SimpleEchoClient.lambda$main$0(SimpleEchoClient.java:24)
	at java.base/java.lang.Thread.run(Thread.java:1570)
2024-09-16 15:18:48.380 [main] INFO  net.sock.SimpleEchoServer - Client socket closed.
2024-09-16 15:19:31.239 [main] INFO  net.sock.SimpleEchoServer - Server started on port 12345
2024-09-16 15:19:31.241 [main] INFO  net.sock.SimpleEchoServer - Waiting for clients...
2024-09-16 15:19:37.249 [main] INFO  net.sock.SimpleEchoServer - Client connected: /127.0.0.1:41080
2024-09-16 15:19:43.217 [main] INFO  net.sock.SimpleEchoServer - Received: rgre
2024-09-16 15:19:46.218 [main] INFO  net.sock.SimpleEchoServer - Sending: Echo: rgre
2024-09-16 15:19:52.102 [main] INFO  net.sock.SimpleEchoServer - Received: dfhygh
2024-09-16 15:19:55.102 [main] INFO  net.sock.SimpleEchoServer - Sending: Echo: dfhygh
2024-09-16 15:19:55.105 [main] INFO  net.sock.SimpleEchoServer - Client socket closed.
2024-09-16 15:21:59.007 [main] INFO  net.sock.SimpleEchoServer - Server started on port 12345
2024-09-16 15:21:59.009 [main] INFO  net.sock.SimpleEchoServer - Waiting for clients...
2024-09-16 15:22:05.022 [main] INFO  net.sock.SimpleEchoServer - Client connected: /127.0.0.1:33888
2024-09-16 15:22:12.990 [main] INFO  net.sock.SimpleEchoServer - Received: fd
2024-09-16 15:22:12.991 [main] INFO  net.sock.SimpleEchoServer - Sending: Echo: fd
2024-09-16 15:22:26.990 [main] INFO  net.sock.SimpleEchoServer - Received: uyouio
2024-09-16 15:22:26.991 [main] INFO  net.sock.SimpleEchoServer - Sending: Echo: uyouio
2024-09-16 15:22:31.993 [main] INFO  net.sock.SimpleEchoServer - Client socket closed.
2024-09-16 15:22:37.184 [main] INFO  net.sock.SimpleEchoServer - Client connected: /127.0.0.1:40714
2024-09-16 15:22:40.376 [main] INFO  net.sock.SimpleEchoServer - Received: null
2024-09-16 15:22:40.377 [main] INFO  net.sock.SimpleEchoServer - Sending: Echo: null
2024-09-16 15:23:20.115 [main] INFO  net.sock.SimpleEchoServer - Server started on port 12345
2024-09-16 15:23:20.117 [main] INFO  net.sock.SimpleEchoServer - Waiting for clients...
2024-09-16 15:23:24.067 [main] INFO  net.sock.SimpleEchoServer - Client connected: /127.0.0.1:47726
2024-09-16 15:23:29.039 [main] INFO  net.sock.SimpleEchoServer - Received: fgfh
2024-09-16 15:23:29.039 [main] INFO  net.sock.SimpleEchoServer - Sending: Echo: fgfh
2024-09-16 15:23:52.509 [main] INFO  net.sock.SimpleEchoServer - Server started on port 12345
2024-09-16 15:23:52.511 [main] INFO  net.sock.SimpleEchoServer - Waiting for clients...
2024-09-16 15:23:55.664 [main] INFO  net.sock.SimpleEchoServer - Client connected: /127.0.0.1:47052
2024-09-16 15:24:00.631 [main] INFO  net.sock.SimpleEchoServer - Received: hgjgj
2024-09-16 15:24:00.632 [main] INFO  net.sock.SimpleEchoServer - Sending: Echo: hgjgj
2024-09-16 15:26:06.385 [main] INFO  net.sock.SimpleEchoServer - Client socket closed.
2024-09-16 15:29:26.249 [main] INFO  net.sock.SimpleEchoServer - Server started on port 12345
2024-09-16 15:29:26.251 [main] INFO  net.sock.SimpleEchoServer - Waiting for clients...
2024-09-16 15:29:30.214 [main] INFO  net.sock.SimpleEchoServer - Client connected: /127.0.0.1:58504
2024-09-16 15:31:08.179 [main] INFO  net.sock.SimpleEchoServer - Received: gh
2024-09-16 15:31:08.180 [main] INFO  net.sock.SimpleEchoServer - Sending: Echo: gh
2024-09-16 15:33:11.033 [main] INFO  net.sock.SimpleEchoServer - Server started on port 12345
2024-09-16 15:33:11.035 [main] INFO  net.sock.SimpleEchoServer - Waiting for clients...
2024-09-16 15:33:14.536 [main] INFO  net.sock.SimpleEchoServer - Client connected: /127.0.0.1:58720
2024-09-16 15:33:14.537 [main] INFO  net.sock.SimpleEchoServer - Client socket closed.
2024-09-16 15:35:53.375 [main] INFO  net.sock.SimpleEchoServer - Server started on port 12345
2024-09-16 15:35:53.377 [main] INFO  net.sock.SimpleEchoServer - Waiting for clients...
2024-09-16 15:36:13.509 [main] INFO  net.sock.SimpleEchoServer - Client connected: /127.0.0.1:48554
2024-09-16 15:36:30.386 [main] INFO  net.sock.SimpleEchoServer - Received: herhd
2024-09-16 15:36:30.386 [main] INFO  net.sock.SimpleEchoServer - Sending: Echo: herhd
2024-09-16 15:40:59.356 [main] INFO  net.sock.SimpleEchoServer - Server started on port 12345
2024-09-16 15:40:59.358 [main] INFO  net.sock.SimpleEchoServer - Waiting for clients...
2024-09-16 15:41:04.465 [main] INFO  net.sock.SimpleEchoServer - Client connected: /127.0.0.1:37932
2024-09-16 15:44:30.939 [main] INFO  net.sock.SimpleEchoServer - Sending: Echo: test
2024-09-16 15:44:30.940 [main] INFO  net.sock.SimpleEchoServer - Sending: Echo: test
