2024-10-07 17:55:17.496 [main] INFO  net.ftp.FTPNioServer - Server is running on port 2121
2024-10-07 17:55:23.353 [main] INFO  net.ftp.FTPNioServer - Client connected
2024-10-07 17:55:26.559 [main] INFO  net.ftp.handler.StorCommandHandler - Starting file write. Size: 1
2024-10-07 17:55:28.619 [main] INFO  net.ftp.handler.StorCommandHandler - Starting file write. Size: 1
2024-10-07 17:55:28.620 [main] WARN  net.ftp.ClientNio - Invalid command from client: 
net.ftp.exceptions.InvalidCommandException: Invalid or unsupported command: 1
	at net.ftp.CommandParser.createCommand(CommandParser.java:99)
	at net.ftp.CommandParser.parse(CommandParser.java:85)
	at net.ftp.CommandParser.readAndParseCommand(CommandParser.java:43)
	at net.ftp.ClientNio.handleClientRequest(ClientNio.java:37)
	at net.ftp.FTPNioServer.main(FTPNioServer.java:43)
2024-10-07 17:55:32.818 [main] INFO  net.ftp.handler.StorCommandHandler - Starting file write. Size: 1
2024-10-07 17:55:32.819 [main] WARN  net.ftp.ClientNio - Invalid command from client: 
net.ftp.exceptions.InvalidCommandException: Invalid or unsupported command: O1
	at net.ftp.CommandParser.createCommand(CommandParser.java:99)
	at net.ftp.CommandParser.parse(CommandParser.java:85)
	at net.ftp.CommandParser.readAndParseCommand(CommandParser.java:43)
	at net.ftp.ClientNio.handleClientRequest(ClientNio.java:37)
	at net.ftp.FTPNioServer.main(FTPNioServer.java:43)
2024-10-07 17:55:35.955 [main] INFO  net.ftp.handler.StorCommandHandler - Starting file write. Size: 1
2024-10-07 17:55:35.955 [main] WARN  net.ftp.ClientNio - Invalid command from client: 
net.ftp.exceptions.InvalidCommandException: Invalid or unsupported command: 1
	at net.ftp.CommandParser.createCommand(CommandParser.java:99)
	at net.ftp.CommandParser.parse(CommandParser.java:85)
	at net.ftp.CommandParser.readAndParseCommand(CommandParser.java:43)
	at net.ftp.ClientNio.handleClientRequest(ClientNio.java:37)
	at net.ftp.FTPNioServer.main(FTPNioServer.java:43)
2024-10-07 17:55:56.546 [main] INFO  net.ftp.handler.StorCommandHandler - Starting file write. Size: 1
2024-10-07 17:55:56.547 [main] INFO  net.ftp.handler.StorCommandHandler - Starting file write. Size: -1
2024-10-07 17:55:59.762 [main] INFO  net.ftp.handler.StorCommandHandler - Starting file write. Size: 1
2024-10-07 17:55:59.763 [main] WARN  net.ftp.ClientNio - Invalid command from client: 
net.ftp.exceptions.InvalidCommandException: Invalid or unsupported command: L
	at net.ftp.CommandParser.createCommand(CommandParser.java:99)
	at net.ftp.CommandParser.parse(CommandParser.java:85)
	at net.ftp.CommandParser.readAndParseCommand(CommandParser.java:43)
	at net.ftp.ClientNio.handleClientRequest(ClientNio.java:37)
	at net.ftp.FTPNioServer.main(FTPNioServer.java:43)
2024-10-07 17:56:08.274 [main] INFO  net.ftp.handler.StorCommandHandler - Starting file write. Size: 1
2024-10-07 17:56:08.275 [main] INFO  net.ftp.handler.StorCommandHandler - Starting file write. Size: 10
2024-10-07 17:56:10.401 [main] INFO  net.ftp.handler.StorCommandHandler - Starting file write. Size: 10
2024-10-07 17:56:10.402 [main] WARN  net.ftp.ClientNio - Invalid command from client: 
net.ftp.exceptions.InvalidCommandException: Invalid or unsupported command: AN
	at net.ftp.CommandParser.createCommand(CommandParser.java:99)
	at net.ftp.CommandParser.parse(CommandParser.java:85)
	at net.ftp.CommandParser.readAndParseCommand(CommandParser.java:43)
	at net.ftp.ClientNio.handleClientRequest(ClientNio.java:37)
	at net.ftp.FTPNioServer.main(FTPNioServer.java:43)
2024-10-07 17:56:10.403 [main] WARN  net.ftp.ClientNio - Invalid command from client: 
net.ftp.exceptions.InvalidCommandException: Invalid or unsupported command: R
	at net.ftp.CommandParser.createCommand(CommandParser.java:99)
	at net.ftp.CommandParser.parse(CommandParser.java:85)
	at net.ftp.CommandParser.readAndParseCommand(CommandParser.java:43)
	at net.ftp.ClientNio.handleClientRequest(ClientNio.java:37)
	at net.ftp.FTPNioServer.main(FTPNioServer.java:43)
2024-10-07 17:56:27.041 [main] INFO  net.ftp.handler.StorCommandHandler - Starting file write. Size: 10
2024-10-07 17:56:27.041 [main] WARN  net.ftp.ClientNio - Invalid command from client: 
net.ftp.exceptions.InvalidCommandException: Type some command, it cannot be empty.
	at net.ftp.CommandParser.parse(CommandParser.java:69)
	at net.ftp.CommandParser.readAndParseCommand(CommandParser.java:43)
	at net.ftp.ClientNio.handleClientRequest(ClientNio.java:37)
	at net.ftp.FTPNioServer.main(FTPNioServer.java:43)
2024-10-07 17:56:27.378 [main] INFO  net.ftp.handler.StorCommandHandler - Starting file write. Size: 10
2024-10-07 17:56:27.379 [main] WARN  net.ftp.ClientNio - Invalid command from client: 
net.ftp.exceptions.InvalidCommandException: Type some command, it cannot be empty.
	at net.ftp.CommandParser.parse(CommandParser.java:69)
	at net.ftp.CommandParser.readAndParseCommand(CommandParser.java:43)
	at net.ftp.ClientNio.handleClientRequest(ClientNio.java:37)
	at net.ftp.FTPNioServer.main(FTPNioServer.java:43)
2024-10-07 17:56:27.778 [main] INFO  net.ftp.handler.StorCommandHandler - Starting file write. Size: 10
2024-10-07 17:56:27.778 [main] WARN  net.ftp.ClientNio - Invalid command from client: 
net.ftp.exceptions.InvalidCommandException: Type some command, it cannot be empty.
	at net.ftp.CommandParser.parse(CommandParser.java:69)
	at net.ftp.CommandParser.readAndParseCommand(CommandParser.java:43)
	at net.ftp.ClientNio.handleClientRequest(ClientNio.java:37)
	at net.ftp.FTPNioServer.main(FTPNioServer.java:43)
2024-10-07 17:56:51.683 [main] INFO  net.ftp.FTPNioServer - Server is running on port 2121
2024-10-07 17:56:54.952 [main] INFO  net.ftp.FTPNioServer - Client connected
2024-10-07 17:57:08.242 [main] INFO  net.ftp.handler.RetrCommandHandler - Starting file transfer: /home/asvanth/IdeaProjects/my-java-assignments/server_files/1
2024-10-07 17:57:08.243 [main] INFO  net.ftp.handler.RetrCommandHandler - File transfer complete: /home/asvanth/IdeaProjects/my-java-assignments/server_files/1
2024-10-07 17:57:15.329 [main] INFO  net.ftp.handler.RetrCommandHandler - Starting file transfer: /home/asvanth/IdeaProjects/my-java-assignments/server_files/asvanth.txt
2024-10-07 17:57:15.330 [main] INFO  net.ftp.handler.RetrCommandHandler - File transfer complete: /home/asvanth/IdeaProjects/my-java-assignments/server_files/asvanth.txt
2024-10-07 17:57:22.497 [main] INFO  net.ftp.handler.RetrCommandHandler - Starting file transfer: /home/asvanth/IdeaProjects/my-java-assignments/server_files/123.txt
2024-10-07 17:57:22.499 [main] INFO  net.ftp.handler.RetrCommandHandler - File transfer complete: /home/asvanth/IdeaProjects/my-java-assignments/server_files/123.txt
2024-10-07 17:58:03.937 [main] INFO  net.ftp.handler.StorCommandHandler - Starting file write. Size: 1
2024-10-07 17:58:11.292 [main] INFO  net.ftp.FTPNioServer - Server is running on port 2121
2024-10-07 17:58:15.079 [main] INFO  net.ftp.FTPNioServer - Client connected
2024-10-07 17:58:43.371 [main] INFO  net.ftp.handler.StorCommandHandler - Starting file write. Size: 1
2024-10-07 18:00:16.110 [main] INFO  net.ftp.handler.StorCommandHandler - Starting file write. Size: 1
2024-10-07 18:01:05.736 [main] WARN  net.ftp.ClientNio - Invalid command from client: 
net.ftp.exceptions.InvalidCommandException: Invalid or unsupported command: H
	at net.ftp.CommandParser.createCommand(CommandParser.java:99)
	at net.ftp.CommandParser.parse(CommandParser.java:85)
	at net.ftp.CommandParser.readAndParseCommand(CommandParser.java:43)
	at net.ftp.ClientNio.handleClientRequest(ClientNio.java:37)
	at net.ftp.FTPNioServer.main(FTPNioServer.java:43)
2024-10-07 18:01:26.961 [main] INFO  net.ftp.handler.StorCommandHandler - Starting file write. Size: 1
2024-10-07 18:01:30.282 [main] WARN  net.ftp.ClientNio - Invalid command from client: 
net.ftp.exceptions.InvalidCommandException: Invalid or unsupported command: ORETR
	at net.ftp.CommandParser.createCommand(CommandParser.java:99)
	at net.ftp.CommandParser.parse(CommandParser.java:85)
	at net.ftp.CommandParser.readAndParseCommand(CommandParser.java:43)
	at net.ftp.ClientNio.handleClientRequest(ClientNio.java:37)
	at net.ftp.FTPNioServer.main(FTPNioServer.java:43)
2024-10-07 18:01:52.900 [main] INFO  net.ftp.handler.StorCommandHandler - Starting file write. Size: 1
2024-10-07 18:01:55.096 [main] INFO  net.ftp.handler.RetrCommandHandler - Starting file transfer: /home/asvanth/IdeaProjects/my-java-assignments/server_files/1
2024-10-07 18:01:55.098 [main] INFO  net.ftp.handler.RetrCommandHandler - File transfer complete: /home/asvanth/IdeaProjects/my-java-assignments/server_files/1
2024-10-07 18:05:01.826 [main] INFO  net.ftp.FTPNioServer - Server is running on port 2121
2024-10-07 18:05:05.551 [main] INFO  net.ftp.FTPNioServer - Client connected
2024-10-07 18:05:32.900 [main] INFO  net.ftp.handler.StorCommandHandler - Starting file write. Size: 1
2024-10-07 18:08:19.195 [main] INFO  net.ftp.handler.StorCommandHandler - Starting file write. Size: 1
2024-10-07 18:09:47.876 [main] WARN  net.ftp.ClientNio - Invalid command from client: 
net.ftp.exceptions.InvalidCommandException: Invalid or unsupported command: H
	at net.ftp.CommandParser.createCommand(CommandParser.java:99)
	at net.ftp.CommandParser.parse(CommandParser.java:85)
	at net.ftp.CommandParser.readAndParseCommand(CommandParser.java:43)
	at net.ftp.ClientNio.handleClientRequest(ClientNio.java:37)
	at net.ftp.FTPNioServer.main(FTPNioServer.java:43)
2024-10-07 18:10:31.140 [main] WARN  net.ftp.ClientNio - Invalid command from client: 
net.ftp.exceptions.InvalidCommandException: Invalid or unsupported command: ORETR
	at net.ftp.CommandParser.createCommand(CommandParser.java:99)
	at net.ftp.CommandParser.parse(CommandParser.java:85)
	at net.ftp.CommandParser.readAndParseCommand(CommandParser.java:43)
	at net.ftp.ClientNio.handleClientRequest(ClientNio.java:37)
	at net.ftp.FTPNioServer.main(FTPNioServer.java:43)
2024-10-07 18:10:34.793 [main] INFO  net.ftp.handler.RetrCommandHandler - Starting file transfer: /home/asvanth/IdeaProjects/my-java-assignments/server_files/1
2024-10-07 18:10:34.794 [main] INFO  net.ftp.handler.RetrCommandHandler - File transfer complete: /home/asvanth/IdeaProjects/my-java-assignments/server_files/1
2024-10-07 18:11:14.248 [main] INFO  net.ftp.handler.StorCommandHandler - Starting file write. Size: 10
2024-10-07 18:11:29.164 [main] INFO  net.ftp.handler.StorCommandHandler - Starting file write. Size: 10
2024-10-07 18:11:31.115 [main] WARN  net.ftp.ClientNio - Invalid command from client: 
net.ftp.exceptions.InvalidCommandException: Invalid or unsupported command: ASVANTH
	at net.ftp.CommandParser.createCommand(CommandParser.java:99)
	at net.ftp.CommandParser.parse(CommandParser.java:85)
	at net.ftp.CommandParser.readAndParseCommand(CommandParser.java:43)
	at net.ftp.ClientNio.handleClientRequest(ClientNio.java:37)
	at net.ftp.FTPNioServer.main(FTPNioServer.java:43)
2024-10-07 18:11:33.690 [main] WARN  net.ftp.ClientNio - Invalid command from client: 
net.ftp.exceptions.InvalidCommandException: Invalid or unsupported command: 0
	at net.ftp.CommandParser.createCommand(CommandParser.java:99)
	at net.ftp.CommandParser.parse(CommandParser.java:85)
	at net.ftp.CommandParser.readAndParseCommand(CommandParser.java:43)
	at net.ftp.ClientNio.handleClientRequest(ClientNio.java:37)
	at net.ftp.FTPNioServer.main(FTPNioServer.java:43)
2024-10-07 18:15:11.170 [main] INFO  net.ftp.FTPNioServer - Server is running on port 2121
2024-10-07 18:15:13.864 [main] INFO  net.ftp.FTPNioServer - Client connected
2024-10-07 18:15:22.088 [main] INFO  net.ftp.handler.RetrCommandHandler - Starting file transfer: /home/asvanth/IdeaProjects/my-java-assignments/server_files/asv.txt
2024-10-07 18:15:22.089 [main] INFO  net.ftp.handler.RetrCommandHandler - File transfer complete: /home/asvanth/IdeaProjects/my-java-assignments/server_files/asv.txt
2024-10-07 18:15:52.262 [main] INFO  net.ftp.handler.StorCommandHandler - Starting file write. Size: 2
2024-10-07 18:16:26.356 [main] INFO  net.ftp.handler.StorCommandHandler - Starting file write. Size: 2
2024-10-07 18:16:44.908 [main] WARN  net.ftp.ClientNio - Invalid command from client: 
net.ftp.exceptions.InvalidCommandException: Invalid or unsupported command: A
	at net.ftp.CommandParser.createCommand(CommandParser.java:99)
	at net.ftp.CommandParser.parse(CommandParser.java:85)
	at net.ftp.CommandParser.readAndParseCommand(CommandParser.java:43)
	at net.ftp.ClientNio.handleClientRequest(ClientNio.java:37)
	at net.ftp.FTPNioServer.main(FTPNioServer.java:43)
2024-10-07 18:17:14.834 [main] WARN  net.ftp.ClientNio - Invalid command from client: 
net.ftp.exceptions.InvalidCommandException: Invalid or unsupported command: ORRETR
	at net.ftp.CommandParser.createCommand(CommandParser.java:99)
	at net.ftp.CommandParser.parse(CommandParser.java:85)
	at net.ftp.CommandParser.readAndParseCommand(CommandParser.java:43)
	at net.ftp.ClientNio.handleClientRequest(ClientNio.java:37)
	at net.ftp.FTPNioServer.main(FTPNioServer.java:43)
2024-10-07 18:18:07.464 [main] INFO  net.ftp.FTPNioServer - Server is running on port 2121
2024-10-07 18:18:14.372 [main] INFO  net.ftp.FTPNioServer - Client connected
2024-10-07 18:18:26.977 [main] INFO  net.ftp.handler.RetrCommandHandler - Starting file transfer: /home/asvanth/IdeaProjects/my-java-assignments/server_files/asv.txt
2024-10-07 18:18:26.977 [main] INFO  net.ftp.handler.RetrCommandHandler - File transfer complete: /home/asvanth/IdeaProjects/my-java-assignments/server_files/asv.txt
2024-10-07 18:19:28.118 [main] INFO  net.ftp.handler.StorCommandHandler - Starting file write. Size: 10
2024-10-07 18:20:46.856 [main] INFO  net.ftp.handler.StorCommandHandler - Starting file write. Size: 10
2024-10-07 18:22:20.539 [main] WARN  net.ftp.ClientNio - Invalid command from client: 
net.ftp.exceptions.InvalidCommandException: Invalid or unsupported command: 1
	at net.ftp.CommandParser.createCommand(CommandParser.java:99)
	at net.ftp.CommandParser.parse(CommandParser.java:85)
	at net.ftp.CommandParser.readAndParseCommand(CommandParser.java:43)
	at net.ftp.ClientNio.handleClientRequest(ClientNio.java:37)
	at net.ftp.FTPNioServer.main(FTPNioServer.java:43)
2024-10-07 18:22:38.977 [main] ERROR net.ftp.CommandParser - Invalid size format: asv.txt
2024-10-07 18:22:38.978 [main] WARN  net.ftp.ClientNio - Invalid command from client: 
net.ftp.exceptions.InvalidCommandException: Invalid or unsupported command: OR
	at net.ftp.CommandParser.createCommand(CommandParser.java:99)
	at net.ftp.CommandParser.parse(CommandParser.java:85)
	at net.ftp.CommandParser.readAndParseCommand(CommandParser.java:43)
	at net.ftp.ClientNio.handleClientRequest(ClientNio.java:37)
	at net.ftp.FTPNioServer.main(FTPNioServer.java:43)
2024-10-07 18:22:48.324 [main] INFO  net.ftp.ClientNio - Client closed connection.
2024-10-07 18:22:48.326 [main] INFO  net.ftp.handler.RetrCommandHandler - Starting file transfer: /home/asvanth/IdeaProjects/my-java-assignments/server_files/asv.txt
2024-10-07 18:22:48.327 [main] ERROR net.ftp.handler.RetrCommandHandler - IOE during file retrieval: 
java.io.IOException: Broken pipe
	at java.base/sun.nio.ch.SocketDispatcher.write0(Native Method)
	at java.base/sun.nio.ch.SocketDispatcher.write(SocketDispatcher.java:62)
	at java.base/sun.nio.ch.IOUtil.writeFromNativeBuffer(IOUtil.java:137)
	at java.base/sun.nio.ch.IOUtil.write(IOUtil.java:102)
	at java.base/sun.nio.ch.IOUtil.write(IOUtil.java:58)
	at java.base/sun.nio.ch.SocketChannelImpl.implWrite(SocketChannelImpl.java:566)
	at java.base/sun.nio.ch.SocketChannelImpl.write(SocketChannelImpl.java:618)
	at net.ftp.handler.RetrCommandHandler.handle(RetrCommandHandler.java:64)
	at net.ftp.ClientNio.handleClientRequest(ClientNio.java:45)
	at net.ftp.FTPNioServer.main(FTPNioServer.java:43)
2024-10-07 18:22:48.330 [main] ERROR net.ftp.ClientNio - IO Exception while handling client request: 
java.io.IOException: Broken pipe
	at java.base/sun.nio.ch.SocketDispatcher.write0(Native Method)
	at java.base/sun.nio.ch.SocketDispatcher.write(SocketDispatcher.java:62)
	at java.base/sun.nio.ch.IOUtil.writeFromNativeBuffer(IOUtil.java:137)
	at java.base/sun.nio.ch.IOUtil.write(IOUtil.java:102)
	at java.base/sun.nio.ch.IOUtil.write(IOUtil.java:58)
	at java.base/sun.nio.ch.SocketChannelImpl.implWrite(SocketChannelImpl.java:566)
	at java.base/sun.nio.ch.SocketChannelImpl.write(SocketChannelImpl.java:618)
	at net.ftp.ClientNio.handleClientRequest(ClientNio.java:47)
	at net.ftp.FTPNioServer.main(FTPNioServer.java:43)
2024-10-07 18:22:48.331 [main] INFO  net.ftp.ClientNio - Closed client connection.
2024-10-07 18:22:52.104 [main] INFO  net.ftp.FTPNioServer - Server is running on port 2121
2024-10-07 18:22:55.212 [main] INFO  net.ftp.FTPNioServer - Client connected
2024-10-07 18:23:00.035 [main] INFO  net.ftp.handler.RetrCommandHandler - Starting file transfer: /home/asvanth/IdeaProjects/my-java-assignments/server_files/asv.txt
2024-10-07 18:23:00.036 [main] INFO  net.ftp.handler.RetrCommandHandler - File transfer complete: /home/asvanth/IdeaProjects/my-java-assignments/server_files/asv.txt
2024-10-07 18:23:50.051 [main] INFO  net.ftp.FTPNioServer - Server is running on port 2121
2024-10-07 18:23:59.000 [main] INFO  net.ftp.FTPNioServer - Client connected
2024-10-07 18:24:30.943 [main] INFO  net.ftp.handler.StorCommandHandler - Starting file write. Size: 20
2024-10-07 18:28:06.939 [main] INFO  net.ftp.handler.StorCommandHandler - Starting file write. Size: 20
2024-10-07 18:31:42.808 [main] WARN  net.ftp.ClientNio - Invalid command from client: 
net.ftp.exceptions.InvalidCommandException: Invalid or unsupported command: A
	at net.ftp.CommandParser.createCommand(CommandParser.java:99)
	at net.ftp.CommandParser.parse(CommandParser.java:85)
	at net.ftp.CommandParser.readAndParseCommand(CommandParser.java:43)
	at net.ftp.ClientNio.handleClientRequest(ClientNio.java:37)
	at net.ftp.FTPNioServer.main(FTPNioServer.java:43)
2024-10-07 18:31:44.055 [main] WARN  net.ftp.ClientNio - Invalid command from client: 
net.ftp.exceptions.InvalidCommandException: Invalid or unsupported command: OR
	at net.ftp.CommandParser.createCommand(CommandParser.java:99)
	at net.ftp.CommandParser.parse(CommandParser.java:85)
	at net.ftp.CommandParser.readAndParseCommand(CommandParser.java:43)
	at net.ftp.ClientNio.handleClientRequest(ClientNio.java:37)
	at net.ftp.FTPNioServer.main(FTPNioServer.java:43)
2024-10-07 18:32:04.242 [main] INFO  net.ftp.handler.RetrCommandHandler - Starting file transfer: /home/asvanth/IdeaProjects/my-java-assignments/server_files/asv.txt
2024-10-07 18:32:04.243 [main] INFO  net.ftp.handler.RetrCommandHandler - File transfer complete: /home/asvanth/IdeaProjects/my-java-assignments/server_files/asv.txt
2024-10-07 18:34:26.844 [main] INFO  net.ftp.FTPNioServer - Server is running on port 2121
2024-10-07 18:34:30.777 [main] INFO  net.ftp.FTPNioServer - Client connected
2024-10-07 18:35:01.015 [main] INFO  net.ftp.handler.StorCommandHandler - Starting file write. Size: 5
2024-10-07 18:36:16.899 [main] INFO  net.ftp.FTPNioServer - Server is running on port 2121
2024-10-07 18:36:24.298 [main] INFO  net.ftp.FTPNioServer - Client connected
2024-10-07 18:36:47.896 [main] INFO  net.ftp.handler.StorCommandHandler - Starting file write. Size: 5
2024-10-07 18:37:40.327 [main] INFO  net.ftp.FTPNioServer - Client connected
2024-10-07 18:39:00.930 [main] INFO  net.ftp.handler.StorCommandHandler - Starting file write. Size: 5
2024-10-07 18:39:24.493 [main] INFO  net.ftp.FTPNioServer - Server is running on port 2121
2024-10-07 18:39:27.062 [main] INFO  net.ftp.FTPNioServer - Client connected
2024-10-07 18:39:37.690 [main] INFO  net.ftp.handler.StorCommandHandler - Starting file write. Size: 5
2024-10-07 18:40:21.675 [main] INFO  net.ftp.handler.StorCommandHandler - Starting file write. Size: 5
2024-10-07 18:42:14.550 [main] INFO  net.ftp.FTPNioServer - Server is running on port 2121
2024-10-07 18:42:16.559 [main] INFO  net.ftp.FTPNioServer - Client connected
2024-10-07 18:42:48.832 [main] INFO  net.ftp.handler.StorCommandHandler - Starting file write. Size: 5
2024-10-07 18:43:24.181 [main] INFO  net.ftp.handler.StorCommandHandler - Starting file write. Size: 5
2024-10-07 18:44:08.180 [main] INFO  net.ftp.FTPNioServer - Server is running on port 2121
2024-10-07 18:45:25.996 [main] INFO  net.ftp.FTPNioServer - Server is running on port 2121
2024-10-07 18:45:30.153 [main] INFO  net.ftp.FTPNioServer - Client connected
2024-10-07 18:46:11.202 [main] INFO  net.ftp.handler.StorCommandHandler - Starting file write. Size: 5
2024-10-07 18:46:47.877 [main] INFO  net.ftp.handler.StorCommandHandler - Starting file write. Size: 5
2024-10-07 18:47:46.488 [main] WARN  net.ftp.ClientNio - Invalid command from client: 
net.ftp.exceptions.InvalidCommandException: Type some command, it cannot be empty.
	at net.ftp.CommandParser.parse(CommandParser.java:69)
	at net.ftp.CommandParser.readAndParseCommand(CommandParser.java:43)
	at net.ftp.ClientNio.handleClientRequest(ClientNio.java:38)
	at net.ftp.FTPNioServer.main(FTPNioServer.java:43)
2024-10-07 18:47:54.376 [main] INFO  net.ftp.handler.RetrCommandHandler - Starting file transfer: /home/asvanth/IdeaProjects/my-java-assignments/server_files/asv.txt
2024-10-07 18:47:54.377 [main] INFO  net.ftp.handler.RetrCommandHandler - File transfer complete: /home/asvanth/IdeaProjects/my-java-assignments/server_files/asv.txt
