2024-10-03 09:40:43.500 [main] INFO  net.ftp.FtpServer - Server is running on port 2121
2024-10-03 09:40:57.952 [main] INFO  net.ftp.FtpServer - Client connected
2024-10-03 09:40:59.610 [Thread-0] INFO  net.ftp.ClientConnection - Invalid command received or client disconnected.
2024-10-03 09:40:59.612 [Thread-0] INFO  net.ftp.ClientConnection - Closed client connection.
2024-10-03 09:41:14.062 [main] INFO  net.ftp.FtpServer - Client connected
2024-10-03 09:41:24.656 [Thread-1] INFO  net.ftp.handler.RetrCommandHandler - Starting file transfer: /home/asvanth/IdeaProjects/my-java-assignments/server_files/1
2024-10-03 09:41:24.657 [Thread-1] INFO  net.ftp.handler.RetrCommandHandler - File transfer complete: /home/asvanth/IdeaProjects/my-java-assignments/server_files/1
2024-10-03 09:41:24.657 [Thread-1] INFO  net.ftp.ClientConnection - Invalid command received or client disconnected.
2024-10-03 09:41:24.657 [Thread-1] INFO  net.ftp.ClientConnection - Closed client connection.
2024-10-03 09:41:37.034 [main] INFO  net.ftp.FtpServer - Client connected
2024-10-03 09:41:46.388 [Thread-2] INFO  net.ftp.handler.RetrCommandHandler - Starting file transfer: /home/asvanth/IdeaProjects/my-java-assignments/server_files/asvanth.txt
2024-10-03 09:41:46.390 [Thread-2] INFO  net.ftp.handler.RetrCommandHandler - File transfer complete: /home/asvanth/IdeaProjects/my-java-assignments/server_files/asvanth.txt
2024-10-03 09:41:46.390 [Thread-2] INFO  net.ftp.ClientConnection - Invalid command received or client disconnected.
2024-10-03 09:41:46.391 [Thread-2] INFO  net.ftp.ClientConnection - Closed client connection.
2024-10-03 09:43:22.306 [main] INFO  net.ftp.FtpServer - Client connected
2024-10-03 09:43:34.898 [Thread-3] INFO  net.ftp.handler.StorCommandHandler - Starting file write. Size: 1
2024-10-03 09:43:36.006 [Thread-3] INFO  net.ftp.ClientConnection - Invalid command received or client disconnected.
2024-10-03 09:43:36.006 [Thread-3] INFO  net.ftp.ClientConnection - Closed client connection.
2024-10-03 09:43:51.801 [main] INFO  net.ftp.FtpServer - Client connected
2024-10-03 09:43:55.077 [Thread-4] INFO  net.ftp.handler.RetrCommandHandler - Starting file transfer: /home/asvanth/IdeaProjects/my-java-assignments/server_files/1
2024-10-03 09:43:55.078 [Thread-4] INFO  net.ftp.handler.RetrCommandHandler - File transfer complete: /home/asvanth/IdeaProjects/my-java-assignments/server_files/1
2024-10-03 09:43:55.078 [Thread-4] INFO  net.ftp.ClientConnection - Invalid command received or client disconnected.
2024-10-03 09:43:55.079 [Thread-4] INFO  net.ftp.ClientConnection - Closed client connection.
2024-10-03 09:44:03.927 [main] INFO  net.ftp.FtpServer - Client connected
2024-10-03 09:44:07.481 [Thread-5] INFO  net.ftp.handler.RetrCommandHandler - Starting file transfer: /home/asvanth/IdeaProjects/my-java-assignments/server_files/1
2024-10-03 09:44:07.481 [Thread-5] INFO  net.ftp.handler.RetrCommandHandler - File transfer complete: /home/asvanth/IdeaProjects/my-java-assignments/server_files/1
2024-10-03 09:44:07.481 [Thread-5] INFO  net.ftp.ClientConnection - Invalid command received or client disconnected.
2024-10-03 09:44:07.482 [Thread-5] INFO  net.ftp.ClientConnection - Closed client connection.
2024-10-03 09:44:23.631 [main] INFO  net.ftp.FtpServer - Client connected
2024-10-03 09:44:32.147 [main] INFO  net.ftp.FtpServer - Server is running on port 2121
2024-10-03 09:44:52.312 [main] INFO  net.ftp.FtpServer - Client connected
2024-10-03 09:45:39.119 [Thread-0] INFO  net.ftp.handler.RetrCommandHandler - Starting file transfer: /home/asvanth/IdeaProjects/my-java-assignments/server_files/1
2024-10-03 09:46:21.868 [Thread-0] INFO  net.ftp.handler.RetrCommandHandler - File transfer complete: /home/asvanth/IdeaProjects/my-java-assignments/server_files/1
2024-10-03 09:47:18.166 [Thread-0] INFO  net.ftp.ClientConnection - Invalid command received or client disconnected.
2024-10-03 09:49:05.471 [main] INFO  net.ftp.FtpServer - Server is running on port 2121
2024-10-03 09:49:09.237 [main] INFO  net.ftp.FtpServer - Client connected
2024-10-03 09:49:27.923 [Thread-0] INFO  net.ftp.handler.RetrCommandHandler - Starting file transfer: /home/asvanth/IdeaProjects/my-java-assignments/server_files/1
2024-10-03 09:49:30.719 [Thread-0] INFO  net.ftp.handler.RetrCommandHandler - File transfer complete: /home/asvanth/IdeaProjects/my-java-assignments/server_files/1
2024-10-03 09:49:46.457 [Thread-0] WARN  net.ftp.ClientConnection - Invalid cmd client connection: 
net.ftp.exceptions.InvalidCommandException: Invalid or unsupported command.
	at net.ftp.ClientConnection.run(ClientConnection.java:32)
	at java.base/java.lang.Thread.run(Thread.java:1570)
2024-10-03 09:49:47.284 [Thread-0] INFO  net.ftp.ClientConnection - Closed client connection.
2024-10-03 10:09:57.221 [main] INFO  net.ftp.FtpServer - Server is running on port 2121
2024-10-03 10:10:05.027 [main] INFO  net.ftp.FtpServer - Client connected
2024-10-03 10:10:24.956 [Thread-0] INFO  net.ftp.handler.RetrCommandHandler - Starting file transfer: /home/asvanth/IdeaProjects/my-java-assignments/server_files/1
2024-10-03 10:10:26.755 [Thread-0] INFO  net.ftp.handler.RetrCommandHandler - File transfer complete: /home/asvanth/IdeaProjects/my-java-assignments/server_files/1
2024-10-03 10:11:19.737 [Thread-0] INFO  net.ftp.ClientConnection - Closed client connection.
2024-10-03 10:12:23.917 [main] INFO  net.ftp.FtpServer - Server is running on port 2121
2024-10-03 10:12:25.945 [main] INFO  net.ftp.FtpServer - Client connected
2024-10-03 10:12:31.767 [Thread-0] INFO  net.ftp.handler.RetrCommandHandler - Starting file transfer: /home/asvanth/IdeaProjects/my-java-assignments/server_files/1
2024-10-03 10:12:38.325 [Thread-0] INFO  net.ftp.handler.RetrCommandHandler - File transfer complete: /home/asvanth/IdeaProjects/my-java-assignments/server_files/1
2024-10-03 10:16:34.920 [Thread-0] INFO  net.ftp.ClientConnection - Closed client connection.
2024-10-03 10:22:37.402 [main] INFO  net.ftp.FtpServer - Server is running on port 2121
2024-10-03 10:22:39.549 [main] INFO  net.ftp.FtpServer - Client connected
2024-10-03 10:25:16.936 [main] INFO  net.ftp.FtpServer - Server is running on port 2121
2024-10-03 10:25:18.095 [main] INFO  net.ftp.FtpServer - Client connected
2024-10-03 10:27:49.921 [main] INFO  net.ftp.FtpServer - Server is running on port 2121
2024-10-03 10:27:53.864 [main] INFO  net.ftp.FtpServer - Client connected
2024-10-03 10:28:19.640 [main] INFO  net.ftp.FtpServer - Server is running on port 2121
2024-10-03 10:28:22.730 [main] INFO  net.ftp.FtpServer - Client connected
2024-10-03 10:29:18.509 [main] INFO  net.ftp.FtpServer - Server is running on port 2121
2024-10-03 10:29:21.827 [main] INFO  net.ftp.FtpServer - Client connected
2024-10-03 10:39:45.074 [main] INFO  net.ftp.FtpServer - Server is running on port 2121
2024-10-03 10:39:54.358 [main] INFO  net.ftp.FtpServer - Client connected
2024-10-03 10:41:03.089 [Thread-0] INFO  net.ftp.ClientConnection - Closed client connection.
2024-10-03 10:41:17.176 [main] INFO  net.ftp.FtpServer - Server is running on port 2121
2024-10-03 10:41:22.767 [main] INFO  net.ftp.FtpServer - Client connected
2024-10-03 10:42:15.875 [main] INFO  net.ftp.FtpServer - Server is running on port 2121
2024-10-03 10:42:59.216 [main] INFO  net.ftp.FtpServer - Client connected
2024-10-03 10:44:13.381 [main] INFO  net.ftp.FtpServer - Server is running on port 2121
2024-10-03 10:44:15.530 [main] INFO  net.ftp.FtpServer - Client connected
2024-10-03 10:47:06.088 [main] INFO  net.ftp.FtpServer - Server is running on port 2121
2024-10-03 10:47:11.316 [main] INFO  net.ftp.FtpServer - Client connected
2024-10-03 10:51:50.531 [main] INFO  net.ftp.FtpServer - Server is running on port 2121
2024-10-03 10:51:55.160 [main] INFO  net.ftp.FtpServer - Client connected
2024-10-03 10:55:10.276 [main] INFO  net.ftp.FtpServer - Server is running on port 2121
2024-10-03 10:55:18.702 [main] INFO  net.ftp.FtpServer - Client connected
2024-10-03 10:58:01.833 [main] INFO  net.ftp.FtpServer - Server is running on port 2121
2024-10-03 10:58:05.050 [main] INFO  net.ftp.FtpServer - Client connected
2024-10-03 10:58:14.772 [Thread-0] INFO  net.ftp.ClientConnection - Closed client connection.
2024-10-03 10:59:08.874 [main] INFO  net.ftp.FtpServer - Server is running on port 2121
2024-10-03 10:59:11.683 [main] INFO  net.ftp.FtpServer - Client connected
2024-10-03 10:59:53.369 [main] INFO  net.ftp.FtpServer - Server is running on port 2121
2024-10-03 10:59:56.091 [main] INFO  net.ftp.FtpServer - Client connected
2024-10-03 11:01:37.621 [main] INFO  net.ftp.FtpServer - Server is running on port 2121
2024-10-03 11:01:39.830 [main] INFO  net.ftp.FtpServer - Client connected
2024-10-03 11:02:16.785 [Thread-0] INFO  net.ftp.ClientConnection - Closed client connection.
2024-10-03 11:03:31.970 [main] INFO  net.ftp.FtpServer - Server is running on port 2121
2024-10-03 11:03:39.250 [main] INFO  net.ftp.FtpServer - Client connected
2024-10-03 11:05:39.899 [main] INFO  net.ftp.FtpServer - Server is running on port 2121
2024-10-03 11:05:41.987 [main] INFO  net.ftp.FtpServer - Client connected
2024-10-03 11:06:12.357 [Thread-0] INFO  net.ftp.handler.RetrCommandHandler - Starting file transfer: /home/asvanth/IdeaProjects/my-java-assignments/server_files/1
2024-10-03 11:06:17.565 [Thread-0] INFO  net.ftp.handler.RetrCommandHandler - File transfer complete: /home/asvanth/IdeaProjects/my-java-assignments/server_files/1
2024-10-03 11:07:26.425 [Thread-0] INFO  net.ftp.handler.StorCommandHandler - Starting file write. Size: 1
2024-10-03 11:08:02.625 [Thread-0] WARN  net.ftp.ClientConnection - Invalid cmd client connection: 
net.ftp.exceptions.InvalidCommandException: Invalid or unsupported command: B
	at net.ftp.CommandParser.createCommand(CommandParser.java:103)
	at net.ftp.CommandParser.parse(CommandParser.java:89)
	at net.ftp.CommandParser.readAndParseCommand(CommandParser.java:58)
	at net.ftp.ClientConnection.run(ClientConnection.java:30)
	at java.base/java.lang.Thread.run(Thread.java:1570)
2024-10-03 11:08:03.427 [Thread-0] INFO  net.ftp.ClientConnection - Closed client connection.
2024-10-03 11:40:21.481 [main] INFO  net.ftp.FtpServer - Server is running on port 2121
2024-10-03 11:40:48.664 [main] INFO  net.ftp.FtpServer - Client connected
2024-10-03 11:41:14.480 [Thread-0] INFO  net.ftp.handler.StorCommandHandler - Starting file write. Size: 1
2024-10-03 11:43:26.184 [main] INFO  net.ftp.FtpServer - Server is running on port 2121
2024-10-03 11:43:29.603 [main] INFO  net.ftp.FtpServer - Client connected
2024-10-03 11:43:58.905 [Thread-0] INFO  net.ftp.handler.StorCommandHandler - Starting file write. Size: 2
2024-10-03 12:02:25.182 [main] INFO  net.ftp.FtpServer - Server is running on port 2121
2024-10-03 12:02:37.490 [main] INFO  net.ftp.FtpServer - Client connected
2024-10-03 12:03:03.085 [Thread-0] INFO  net.ftp.handler.StorCommandHandler - Starting file write. Size: 2
2024-10-03 12:04:36.988 [main] INFO  net.ftp.FtpServer - Server is running on port 2121
2024-10-03 12:04:38.813 [main] INFO  net.ftp.FtpServer - Client connected
2024-10-03 12:05:10.338 [Thread-0] INFO  net.ftp.handler.StorCommandHandler - Starting file write. Size: 2
2024-10-03 12:06:15.047 [main] INFO  net.ftp.FtpServer - Server is running on port 2121
2024-10-03 12:06:30.963 [main] INFO  net.ftp.FtpServer - Client connected
2024-10-03 12:07:11.538 [Thread-0] INFO  net.ftp.handler.StorCommandHandler - Starting file write. Size: 2
2024-10-03 12:08:50.548 [main] INFO  net.ftp.FtpServer - Server is running on port 2121
2024-10-03 12:08:56.441 [main] INFO  net.ftp.FtpServer - Client connected
2024-10-03 12:09:19.490 [Thread-0] INFO  net.ftp.handler.StorCommandHandler - Starting file write. Size: 2
2024-10-03 12:11:28.822 [main] INFO  net.ftp.FtpServer - Server is running on port 2121
2024-10-03 12:11:41.422 [main] INFO  net.ftp.FtpServer - Server is running on port 2121
2024-10-03 12:11:45.333 [main] INFO  net.ftp.FtpServer - Client connected
2024-10-03 12:11:58.309 [Thread-0] INFO  net.ftp.handler.StorCommandHandler - Starting file write. Size: 2
2024-10-03 12:13:22.207 [Thread-0] INFO  net.ftp.handler.RetrCommandHandler - Starting file transfer: /home/asvanth/IdeaProjects/my-java-assignments/server_files/1
2024-10-03 12:13:31.679 [Thread-0] INFO  net.ftp.handler.RetrCommandHandler - File transfer complete: /home/asvanth/IdeaProjects/my-java-assignments/server_files/1
2024-10-03 12:15:06.597 [Thread-0] INFO  net.ftp.handler.StorCommandHandler - Starting file write. Size: 2
2024-10-03 12:15:58.448 [Thread-0] WARN  net.ftp.ClientConnection - Invalid cmd client connection: 
net.ftp.exceptions.InvalidCommandException: Invalid or unsupported command: OR
	at net.ftp.CommandParser.createCommand(CommandParser.java:104)
	at net.ftp.CommandParser.parse(CommandParser.java:90)
	at net.ftp.CommandParser.readAndParseCommand(CommandParser.java:59)
	at net.ftp.ClientConnection.run(ClientConnection.java:30)
	at java.base/java.lang.Thread.run(Thread.java:1570)
2024-10-03 12:15:59.109 [Thread-0] INFO  net.ftp.ClientConnection - Closed client connection.
2024-10-03 12:17:21.159 [main] INFO  net.ftp.FtpServer - Client connected
2024-10-03 12:20:00.866 [main] INFO  net.ftp.FtpServer - Server is running on port 2121
2024-10-03 12:20:25.649 [main] INFO  net.ftp.FtpServer - Client connected
2024-10-03 12:21:08.516 [Thread-0] INFO  net.ftp.handler.StorCommandHandler - Starting file write. Size: 2
2024-10-03 12:21:24.051 [main] INFO  net.ftp.FtpServer - Server is running on port 2121
2024-10-03 12:21:25.720 [main] INFO  net.ftp.FtpServer - Client connected
2024-10-03 12:21:39.791 [Thread-0] INFO  net.ftp.handler.StorCommandHandler - Starting file write. Size: 2
2024-10-03 12:23:00.621 [Thread-0] INFO  net.ftp.handler.RetrCommandHandler - Starting file transfer: /home/asvanth/IdeaProjects/my-java-assignments/server_files/1
2024-10-03 12:23:08.738 [Thread-0] INFO  net.ftp.handler.RetrCommandHandler - File transfer complete: /home/asvanth/IdeaProjects/my-java-assignments/server_files/1
2024-10-03 12:38:18.213 [main] INFO  net.ftp.FtpServer - Server is running on port 2121
2024-10-03 12:38:23.634 [main] INFO  net.ftp.FtpServer - Client connected
2024-10-03 12:38:37.721 [Thread-0] INFO  net.ftp.handler.StorCommandHandler - Starting file write. Size: 2
2024-10-03 12:40:03.007 [Thread-0] WARN  net.ftp.ClientConnection - Invalid cmd client connection: 
net.ftp.exceptions.InvalidCommandException: Invalid or unsupported command: 1
	at net.ftp.CommandParser.createCommand(CommandParser.java:104)
	at net.ftp.CommandParser.parse(CommandParser.java:90)
	at net.ftp.CommandParser.readAndParseCommand(CommandParser.java:59)
	at net.ftp.ClientConnection.run(ClientConnection.java:30)
	at java.base/java.lang.Thread.run(Thread.java:1570)
2024-10-03 12:40:03.868 [Thread-0] INFO  net.ftp.ClientConnection - Closed client connection.
2024-10-03 12:41:44.774 [main] INFO  net.ftp.FtpServer - Server is running on port 2121
2024-10-03 12:41:47.955 [main] INFO  net.ftp.FtpServer - Client connected
2024-10-03 12:41:57.489 [Thread-0] INFO  net.ftp.handler.StorCommandHandler - Starting file write. Size: 2
2024-10-03 12:45:41.582 [main] INFO  net.ftp.FtpServer - Server is running on port 2121
2024-10-03 12:45:43.307 [main] INFO  net.ftp.FtpServer - Client connected
2024-10-03 12:46:22.298 [Thread-0] INFO  net.ftp.handler.StorCommandHandler - Starting file write. Size: 5
2024-10-03 12:46:50.199 [Thread-0] WARN  net.ftp.ClientConnection - Invalid cmd client connection: 
net.ftp.exceptions.InvalidCommandException: Invalid or unsupported command: 1
	at net.ftp.CommandParser.createCommand(CommandParser.java:104)
	at net.ftp.CommandParser.parse(CommandParser.java:90)
	at net.ftp.CommandParser.readAndParseCommand(CommandParser.java:59)
	at net.ftp.ClientConnection.run(ClientConnection.java:30)
	at java.base/java.lang.Thread.run(Thread.java:1570)
2024-10-03 12:46:51.075 [Thread-0] INFO  net.ftp.ClientConnection - Closed client connection.
2024-10-03 12:47:06.371 [main] INFO  net.ftp.FtpServer - Server is running on port 2121
2024-10-03 12:47:13.998 [main] INFO  net.ftp.FtpServer - Server is running on port 2121
2024-10-03 12:47:15.955 [main] INFO  net.ftp.FtpServer - Client connected
2024-10-03 12:47:28.805 [Thread-0] INFO  net.ftp.handler.StorCommandHandler - Starting file write. Size: 5
2024-10-03 12:49:30.887 [Thread-0] WARN  net.ftp.ClientConnection - Invalid cmd client connection: 
net.ftp.exceptions.InvalidCommandException: Invalid or unsupported command: 1
	at net.ftp.CommandParser.createCommand(CommandParser.java:104)
	at net.ftp.CommandParser.parse(CommandParser.java:90)
	at net.ftp.CommandParser.readAndParseCommand(CommandParser.java:59)
	at net.ftp.ClientConnection.run(ClientConnection.java:30)
	at java.base/java.lang.Thread.run(Thread.java:1570)
2024-10-03 12:49:31.468 [Thread-0] INFO  net.ftp.ClientConnection - Closed client connection.
2024-10-03 12:55:45.620 [main] INFO  net.ftp.FtpServer - Server is running on port 2121
2024-10-03 12:55:53.460 [main] INFO  net.ftp.FtpServer - Client connected
2024-10-03 12:56:02.983 [Thread-0] INFO  net.ftp.handler.StorCommandHandler - Starting file write. Size: 5
2024-10-03 13:22:28.512 [main] INFO  net.ftp.FtpServer - Server is running on port 2121
2024-10-03 13:22:37.665 [main] INFO  net.ftp.FtpServer - Client connected
2024-10-03 13:22:47.116 [Thread-0] INFO  net.ftp.handler.StorCommandHandler - Starting file write. Size: 5
2024-10-03 13:23:17.778 [main] INFO  net.ftp.FtpServer - Server is running on port 2121
2024-10-03 13:23:20.962 [main] INFO  net.ftp.FtpServer - Client connected
2024-10-03 13:23:35.679 [Thread-0] INFO  net.ftp.handler.StorCommandHandler - Starting file write. Size: 5
2024-10-03 13:30:05.324 [Thread-0] INFO  net.ftp.ClientConnection - Closed client connection.
2024-10-03 13:36:00.671 [main] INFO  net.ftp.FtpServer - Client connected
2024-10-03 13:37:54.794 [main] INFO  net.ftp.FtpServer - Server is running on port 2121
2024-10-03 13:38:00.061 [main] INFO  net.ftp.FtpServer - Client connected
2024-10-03 13:38:11.089 [Thread-0] INFO  net.ftp.handler.StorCommandHandler - Starting file write. Size: 5
2024-10-03 13:44:05.148 [Thread-0] WARN  net.ftp.ClientConnection - Invalid cmd client connection: 
net.ftp.exceptions.InvalidCommandException: Type some command, it cannot be empty.
	at net.ftp.CommandParser.parse(CommandParser.java:74)
	at net.ftp.CommandParser.readAndParseCommand(CommandParser.java:59)
	at net.ftp.ClientConnection.run(ClientConnection.java:30)
	at java.base/java.lang.Thread.run(Thread.java:1570)
2024-10-03 13:44:05.708 [Thread-0] INFO  net.ftp.ClientConnection - Closed client connection.
2024-10-03 13:44:33.561 [main] INFO  net.ftp.FtpServer - Client connected
2024-10-03 13:44:34.610 [Thread-1] INFO  net.ftp.handler.StorCommandHandler - Starting file write. Size: 5
2024-10-03 13:45:39.434 [main] INFO  net.ftp.FtpServer - Server is running on port 2121
2024-10-03 13:45:53.507 [main] INFO  net.ftp.FtpServer - Server is running on port 2121
2024-10-03 13:45:56.610 [main] INFO  net.ftp.FtpServer - Client connected
2024-10-03 13:46:04.396 [Thread-0] INFO  net.ftp.handler.StorCommandHandler - Starting file write. Size: 5
2024-10-03 13:46:14.572 [Thread-0] INFO  net.ftp.ClientConnection - Closed client connection.
2024-10-03 13:46:25.138 [main] INFO  net.ftp.FtpServer - Client connected
2024-10-03 13:46:33.470 [Thread-1] INFO  net.ftp.handler.StorCommandHandler - Starting file write. Size: 5
2024-10-03 13:46:45.262 [Thread-1] INFO  net.ftp.ClientConnection - Closed client connection.
2024-10-03 13:47:52.941 [main] INFO  net.ftp.FtpServer - Server is running on port 2121
2024-10-03 13:47:55.129 [main] INFO  net.ftp.FtpServer - Client connected
2024-10-03 13:48:01.405 [Thread-0] INFO  net.ftp.handler.StorCommandHandler - Starting file write. Size: 5
2024-10-03 13:48:16.817 [Thread-0] INFO  net.ftp.handler.RetrCommandHandler - Starting file transfer: /home/asvanth/IdeaProjects/my-java-assignments/server_files/1
2024-10-03 13:48:16.818 [Thread-0] INFO  net.ftp.handler.RetrCommandHandler - File transfer complete: /home/asvanth/IdeaProjects/my-java-assignments/server_files/1
2024-10-03 13:50:39.246 [Thread-0] INFO  net.ftp.handler.StorCommandHandler - Starting file write. Size: 1
2024-10-03 13:50:57.370 [Thread-0] INFO  net.ftp.handler.RetrCommandHandler - Starting file transfer: /home/asvanth/IdeaProjects/my-java-assignments/server_files/1
2024-10-03 13:50:57.370 [Thread-0] INFO  net.ftp.handler.RetrCommandHandler - File transfer complete: /home/asvanth/IdeaProjects/my-java-assignments/server_files/1
2024-10-03 13:51:06.912 [Thread-0] INFO  net.ftp.handler.RetrCommandHandler - Starting file transfer: /home/asvanth/IdeaProjects/my-java-assignments/server_files/1
2024-10-03 13:51:06.912 [Thread-0] INFO  net.ftp.handler.RetrCommandHandler - File transfer complete: /home/asvanth/IdeaProjects/my-java-assignments/server_files/1
2024-10-03 14:02:44.669 [main] INFO  net.ftp.FtpServer - Server is running on port 2121
2024-10-03 14:02:48.771 [main] INFO  net.ftp.FtpServer - Client connected
2024-10-03 14:02:56.950 [Thread-0] INFO  net.ftp.handler.StorCommandHandler - Starting file write. Size: 1
2024-10-03 14:03:00.101 [Thread-0] INFO  net.ftp.ClientConnection - Closed client connection.
2024-10-03 14:03:03.833 [main] INFO  net.ftp.FtpServer - Client connected
2024-10-03 14:03:11.310 [Thread-1] INFO  net.ftp.handler.StorCommandHandler - Starting file write. Size: 1
2024-10-03 14:03:17.306 [Thread-1] WARN  net.ftp.ClientConnection - Invalid cmd client connection: 
net.ftp.exceptions.InvalidCommandException: Type some command, it cannot be empty.
	at net.ftp.CommandParser.parse(CommandParser.java:74)
	at net.ftp.CommandParser.readAndParseCommand(CommandParser.java:59)
	at net.ftp.ClientConnection.run(ClientConnection.java:30)
	at java.base/java.lang.Thread.run(Thread.java:1570)
2024-10-03 14:03:17.306 [Thread-1] INFO  net.ftp.ClientConnection - Closed client connection.
2024-10-03 14:03:23.098 [main] INFO  net.ftp.FtpServer - Client connected
2024-10-03 14:03:24.806 [Thread-2] INFO  net.ftp.CommandParser - Client closed connection.
2024-10-03 14:03:24.807 [Thread-2] INFO  net.ftp.ClientConnection - Closed client connection.
2024-10-03 14:03:28.082 [main] INFO  net.ftp.FtpServer - Server is running on port 2121
2024-10-03 14:03:31.498 [main] INFO  net.ftp.FtpServer - Server is running on port 2121
2024-10-03 14:03:33.885 [main] INFO  net.ftp.FtpServer - Client connected
2024-10-03 14:03:56.401 [Thread-0] INFO  net.ftp.handler.StorCommandHandler - Starting file write. Size: 1
2024-10-03 14:07:01.280 [main] INFO  net.ftp.FtpServer - Server is running on port 2121
2024-10-03 14:07:02.734 [main] INFO  net.ftp.FtpServer - Client connected
2024-10-03 14:07:18.078 [Thread-0] INFO  net.ftp.handler.StorCommandHandler - Starting file write. Size: 1
2024-10-03 14:11:13.431 [main] INFO  net.ftp.FtpServer - Server is running on port 2121
2024-10-03 14:11:19.164 [main] INFO  net.ftp.FtpServer - Client connected
2024-10-03 14:12:07.041 [main] INFO  net.ftp.FtpServer - Server is running on port 2121
2024-10-03 14:12:18.430 [main] INFO  net.ftp.FtpServer - Client connected
2024-10-03 14:12:19.701 [Thread-0] INFO  net.ftp.handler.StorCommandHandler - Starting file write. Size: 6
2024-10-03 14:12:35.837 [Thread-0] INFO  net.ftp.handler.RetrCommandHandler - Starting file transfer: /home/asvanth/IdeaProjects/my-java-assignments/server_files/asvanth.txt
2024-10-03 14:12:35.838 [Thread-0] INFO  net.ftp.handler.RetrCommandHandler - File transfer complete: /home/asvanth/IdeaProjects/my-java-assignments/server_files/asvanth.txt
2024-10-03 14:14:00.170 [Thread-0] INFO  net.ftp.CommandParser - Client closed connection.
2024-10-03 14:14:00.171 [Thread-0] INFO  net.ftp.ClientConnection - Closed client connection.
2024-10-03 14:14:01.991 [main] INFO  net.ftp.FtpServer - Client connected
2024-10-03 14:14:31.465 [Thread-1] INFO  net.ftp.handler.RetrCommandHandler - Starting file transfer: /home/asvanth/IdeaProjects/my-java-assignments/server_files/1
2024-10-03 14:14:31.465 [Thread-1] INFO  net.ftp.handler.RetrCommandHandler - File transfer complete: /home/asvanth/IdeaProjects/my-java-assignments/server_files/1
2024-10-03 14:14:32.796 [Thread-1] WARN  net.ftp.ClientConnection - Invalid cmd client connection: 
net.ftp.exceptions.InvalidCommandException: Type some command, it cannot be empty.
	at net.ftp.CommandParser.parse(CommandParser.java:74)
	at net.ftp.CommandParser.readAndParseCommand(CommandParser.java:59)
	at net.ftp.ClientConnection.run(ClientConnection.java:30)
	at java.base/java.lang.Thread.run(Thread.java:1570)
2024-10-03 14:14:32.799 [Thread-1] INFO  net.ftp.ClientConnection - Closed client connection.
2024-10-03 14:14:35.240 [main] INFO  net.ftp.FtpServer - Client connected
2024-10-03 14:14:39.524 [Thread-2] INFO  net.ftp.handler.StorCommandHandler - Starting file write. Size: 1
2024-10-03 14:14:40.316 [Thread-2] WARN  net.ftp.ClientConnection - Invalid cmd client connection: 
net.ftp.exceptions.InvalidCommandException: Type some command, it cannot be empty.
	at net.ftp.CommandParser.parse(CommandParser.java:74)
	at net.ftp.CommandParser.readAndParseCommand(CommandParser.java:59)
	at net.ftp.ClientConnection.run(ClientConnection.java:30)
	at java.base/java.lang.Thread.run(Thread.java:1570)
2024-10-03 14:14:40.318 [Thread-2] INFO  net.ftp.ClientConnection - Closed client connection.
2024-10-03 14:14:44.145 [main] INFO  net.ftp.FtpServer - Client connected
2024-10-03 14:14:49.380 [Thread-3] INFO  net.ftp.handler.StorCommandHandler - Starting file write. Size: 1
2024-10-03 14:14:53.787 [Thread-3] WARN  net.ftp.ClientConnection - Invalid cmd client connection: 
net.ftp.exceptions.InvalidCommandException: Type some command, it cannot be empty.
	at net.ftp.CommandParser.parse(CommandParser.java:74)
	at net.ftp.CommandParser.readAndParseCommand(CommandParser.java:59)
	at net.ftp.ClientConnection.run(ClientConnection.java:30)
	at java.base/java.lang.Thread.run(Thread.java:1570)
2024-10-03 14:14:53.788 [Thread-3] INFO  net.ftp.ClientConnection - Closed client connection.
2024-10-03 14:15:10.918 [main] INFO  net.ftp.FtpServer - Client connected
2024-10-03 14:15:11.779 [Thread-4] WARN  net.ftp.ClientConnection - Invalid cmd client connection: 
net.ftp.exceptions.InvalidCommandException: Type some command, it cannot be empty.
	at net.ftp.CommandParser.parse(CommandParser.java:74)
	at net.ftp.CommandParser.readAndParseCommand(CommandParser.java:59)
	at net.ftp.ClientConnection.run(ClientConnection.java:30)
	at java.base/java.lang.Thread.run(Thread.java:1570)
2024-10-03 14:15:11.780 [Thread-4] INFO  net.ftp.ClientConnection - Closed client connection.
